[Sat Mar 18 21:14:42.748 2023] [113993] caught SIGTERM, shutting down
[Sat Mar 18 21:14:42.756 2023] [114055] rt: table companys2: ramchunk saved in 0.006 sec
[Sat Mar 18 21:14:42.762 2023] [114055] rt: table s2: ramchunk saved in 0.005 sec
[Sat Mar 18 21:14:42.765 2023] [113993] shutdown daemon version '6.0.4 1a3a4ea82@230314' ...
[Sat Mar 18 21:14:42.765 2023] [113993] shutdown complete
[Sat Mar 18 21:14:42.771 2023] [112341] watchdog: main process 113993 exited cleanly (exit code 0), shutting down
[Sat Mar 18 21:14:42.783 2023] [114150] watchdog: main process 114151 forked ok
[Sat Mar 18 21:14:42.787 2023] [114151] starting daemon version '6.0.4 1a3a4ea82@230314' ...
[Sat Mar 18 21:14:42.787 2023] [114151] listening on all interfaces for mysql, port=9306
[Sat Mar 18 21:14:42.810 2023] [114161] prereading 2 tables
[Sat Mar 18 21:14:42.810 2023] [114151] WARNING: [BUDDY] no manticore-buddy found at '/usr/share/manticore/modules/manticore-buddy', disabled
[Sat Mar 18 21:14:42.810 2023] [114151] accepting connections
[Sat Mar 18 21:14:42.810 2023] [114161] preread 2 tables in 0.000 sec
[Sat Mar 18 21:14:50.041 2023] [114174] rt: table s2: ramchunk saved in 0.001 sec
------- FATAL: CRASH DUMP -------
[Sat Mar 18 21:14:51.320 2023] [114151]

--- crashed SphinxQL request dump ---
SELECT
                                    id,
PACKEDFACTORS() AS factors

       
                         FROM
                                 
   s2
            
                    WHERE
                         
           MATCH('@(c14) 5rpb8 
| 55pgz | 51rkp51 | 1a1af 
| 2gs | pojz4 | uu5u8 | 5k8p | 16fi8 | 1d11z3 | 9bl8s 

| 5r1nq | f6jf | 1g2m | r6 | 5125e | 1shxp | e2n 
| 1dj34 | 16mj8 | cjo | 55z6a5 | 
5ki | 51dlx | 5nk58 
| 0hig0 | 72pqnm | 62z6 | 5ac1 | 7l51 | pi010 | 55p34qg 
| 50x9t5u 
| 91km | f3c50 | 621r9z5 | da0l | 0q8 | 55xln6 
| 25z0 | 55akr95 | 4az | 7i5c56 | 
sf56 | 5xal8d | 5aaj 
| metn | 1ag0 | enfg | 5wa8gf | 16xu | 3x | np6 
| 51a5wf | 
55akrw | 5it | cmc | 12q4 | 55az | 34kgn 
| 2xp1 | 2562z | za3 | 1r1z | 55a4qzk | 
kpg | 83om95 
| 555a | 83o0p | 622 | ob4m5 | 55zjm2 | 558uc5 | 8q910 
| 83g4 | 55u0t 
| 5ed2 | 5eom3 | 1a22 | 555zf5k | 551 
| 83t6a | 58gfu | i04w | px | e2c31 | 5zn | 
xfz 
| 83g2m | 3f04 | fe | i64g5 | 02z8 | 50g7eq | 1d7j9 
| 1s3o | go211 | 55a22 | 
1a3 | phnq | zgs6 | f3c3s2 
| pgv | 2w8j | 83gu | iq9 | rae1 | 0cdx0 | 7v8n 
| 551 
| 55xlwao | k9kr | jo | 5fim1 | 21z4h9k | 562z50 
| 12xp7 | 51dq6h | 34k19y | ag5 
| 5ri | cz6 | e8p3q 
| k1c | 55aq | 8sen5 | 5kip | 55a4fv8 | 296 | 5jlx0 
| ph6v | 
5k6r4 | 2ve4 | f3cx3 | 3b3o | py4m | 4l251 
| 1rkz2 | 55w5z | 55p | 3b51u8i | rwa 
| 5rp838 | 5rzz 
| 55a2995 | 5eqc | 8ie3 | 5f5j | nk1 | efpj | 22c9t75 
| 21zx | 1tq30o 
| 56n2 | xl | xf62 | 558e58 | z3f 
| zz | kc72 | kle16 | dk | 4a8 | 58gm99 | 1dglf 

| 56o2e | 1dp8g | 55zc9u | 1i8q4 | 5rzv | f99i2 | w8i1 
| 5e8h | 5su | 5a6c | qt6v 
| 55atn62 | ph | 55an 
| 3b6w | 22c50 | zr12 | gobbn0 | 58gmi | p501 | 55azk104 
| 
5nk43 | 55ab21 | 7iu3 | 16z29 | 8sp55m | pe | 55aq8w 
| e8pm | 55ak11z5 | i11 | 5rpbd 
| inwn | 8se | 8sz4m 
| 5k6r29 | iz7z | 55zq6 | 5rpq64 | sk5in6 | 3b6z | 121gj1 
| 
550koc | 5k6u0 | e4kz | 50vz | pg | 55pb | 55afum 
| 5krs2 | ra3g3 | pyfp | 55dp7 
| 555n6x | 50x3giy | 55aj3 
| 16x83 | inxa1 | ei0 | 1dzg | 558qj1 | 55iz | 5ez01 

| 59b16 | z99 | 34ka6 | zg | 22c5z5 | 5zvz | r6z41 
| f2o5k | 1mlk | 5sr | 55s | 12c2e 
| eyp | i1r 
| 55d8v5 | 55alcm | if0c | 3b3z | fe8s | 58q6k | 2501 
| 51d9u0 | py21r 
| i21r5 | p6t | e4k9t7 | e4k8 | ebp 
| 501x | 5em8 | zr8p3 | i501p | 55aj2p | c9629 
| 55ak2k 
| 55d8y8 | 3f9is | eqjp | 62zd | 55f0g4 | pzf | 55atq 
| 8skm | 55k8 | 51dq2 
| ph2gz9 | 5502v | 55z41f | om7 
| 55akr91 | 1dbg | 5eaqa | j910 | 91z6 | 21rk | gjll8 

| 2r3nu | 5p7te9 | golac | go8w | 0gi2 | 5p6z | 29j8 | 551 | 34k3a | nm0n | 5rp09r 
| 1d1y5 | ggg 
| 5e0s6 | 55az4 | cf0 | 55eg | 1d3x | 0gif | 164 
| xza | 41e5c | 3b6z 
| 16ss | 1dlcd | 55p5u8y | zra9 
| rn5 | zr12 | 56u95 | go7s7 | 5iq | 50od | af5a 

| k1g3 | 969z8 | i3q | 29y9e | 5zgb | mpk | 1d1zs 
| 1pm | 1zr | 5aph | 0o96v95 | 
1d46x | 5p0j0 | 2pqh 
| 1pa | pw1 | 21z1z8 | 5fs | 4w2z | 5p6kk | 50gg4p 
| 6sdxp 
| 5k7xp1 | zq2 | 55fg31 | k9b | 50cd2p | gc00v3 
| zv2 | 55p9i | 102z | m9n | 55azk4 
| ei8 | rpjha 
| 55azi | 5kl6 | icw | 116g | 55agb7 | 46yxz | qj 
| 3w5 | zr4nm4 | 
i11x9 | za5 | iu9a | 50x9t | i3x3 
| q40u25 | 51wr | 55p95z8 | nm10 | xe7 | goiq2 
| kp62 
| 5fhga | 5f5kp1 | a5 | 55a46f | 3b83 | i41et | 55a43a 
| 5qsn | gc0qvy | 
39 | gpr4 | r1yn | 8se43a | 55a21zh 
| 0xt25 | k83s2 | tj0 | idv51 | 3rq | fnu62z 
| 5idm 
| f1db | 55f0xe | 55xl6 | 16ntq | 9oe | e4k5a | 555n6m 
| 3b2f9 | ip3b7 | 
5a4g | rp1d | 5p6k3 | f3cgs6 | ip7 
| 55p95z | 4f58 | ef0 | nq1p6 | 5nk6 | 22cii | 
55zbp 
| 2fx1 | 5n6w | 55kg | 3b6u9 | 2zs6 | gorq | 5rpn 
| 5502j | 22z4 | ng4b | 
0xt25k9 | e6jl | i4m | t4n00 
| k6vf0x | 5rp5d | f58u2d6 | 55ahc02 | 5p8h4 | 4ar | 
5rpswa 
| 0i9 | 1dpj | 5k6o | 16g3r | 59r2u | z7 | e2zxn 
| 12go8 | 55o6 | zdi9 | 
16f8r | ftb9 | 5fff | 7t38 
| 55z5t | 5ogu0 | 55p5hz | pwa | 55px1 | 512hm8 | 5ep 

| 55a2ni5 | i7 | 1rzj9 | en6 | zd | 1sxn | 51rf10 
| 55w0 | 55zjl10q | 83nm | iu 
| 1pm | 58g8p | 1di 
| zrpd | 0xkrp4 | 5dl0 | 50ga | 9h | 5rp5h | 1dpz 
| 34k2p0 | 
e8ph7 | 16kh12 | ki0u5 | 22p2 | 55az4m | 1dc 
| 0goi3 | z5l4g | 2fr | me2 | sf4 | 
62r | 9rg 
| rm | 55az6 | 5e3o8i | 41e9a | 5550o | 58s1 | eq5 
| 55a2l | 5knqq | 5kn | 55a4gjp | fft | 5phest | po5q4v2 
| 1d8e | 
55n1nj | 1ss | i0a | 5nk5f | c75u | gcxd4 
| 8d11z | 51w55 | 58g83o5 | 31ro | 0goj 
| 4b9l | 21zh 
| gc0z9o | 1sph | 55az | 55lpo16 | e4kqg | 55n1y | 55iz 
| 58g72d62 
| 1a5 | md | 55pw21 | 5e38s2 | 55atns | wa64 
| 22c9t | 1sxf | 5r9rq29 | 3g501 | nsw9 
| zc31 | 1am 
| 55a4gj | 58gp | 1dub1 | zrpog | pwq91 | 5rp0 | 50rq 
| c1s | wm | 
5k10 | 1d7rs4 | m9bo | 55sa5 | 55a99e 
| kip | 55a2ph | 55kro | 55zx | py3b | rz1 
| 55a296 
| 9r4 | 58dzn | 5r6g | qx0c7 | 0gc0g | zrb6v | 5xb4 
| i8o | 1i83 | 4a4bfu 
| 555ejw2 | 1w96 | 1ssvf | 55u9 
| eg2a5 | 55xlz | 0cd2p9 | igh1 | 2p4i8 | 1nt | 1s3y 

| 34k2pp | zru9 | 51d9 | pogl | 34ka6x4 | 9d8 | 5fem 
| 3mef1 | 3x | 5ezj8 | 3bnk 
| 55zji | k5b96 | e8rps 
| 51uz | 55q4i | 58g8oq | 3sc | fnj | zxn | 555z9 | 5a4ke 
| 2me | m7z | 
55p83 | 55iz3 | eq1 | 512 | s6jg | 1ruj | 5eo2 
| bl4p | 2z83 | i5qe 
| kc411 | 55ko | 5i1d | ef4q2 
| 58gn2 | 02b1 | mq9 | pog58 | 3p5 | gz5 | pwp4 
| 
22ow2 | 51dqg | 5eq9 | 9fg | 55zlu3 | 5k9n | 555z121 
| zrp64 | rp7 | 29qf | 55a29y16 
| 8q6z | 55zz8 | 5kfg 
| 55wr | tjpr6 | 0gi02 | 34krp | 34kf04 | 55zs0 | iq 
| 5p6k31 
| 59ba8 | 50xk0p | q8 | 5ph831 | zbr8 | 5rzf 
| 8sk1e | 51uv | 22c8u | 2xbxa | 50xai9 
| 5jlpp | 55sp6 
| e0w | 1dp | 1spu | f0p6 | 4l2k | 50xba | 0xk96 
| 5eam3 | gcp1e 
| 22c9t02 | i1r5 | 55akr | i1zg | 58gob1 
| 11rp | 8zj0 | 5ogua | ff0x | go231j | 
5k7x8u | 83g5b 
| goz8t | 6sdtn | 91e7j | 50gc7 | gcn | 12me1 | 1ez 
| 558ef | 55fq 
| 50gci55 | 7g2 | 5fep | r5 | rpc9 
| 58d2 | fe5h | 597d31 | ng38 | 91f5x1 | zr9b 
| k7f 
| pyg | 55p5h23 | n1 | 58g1pg | 550tnp | 1sp7 | ph121 
| c7t8h | zdo | 5sr1 
| 7vc | 5eu9b3 | kg2 | rpz 
| zrcb4k | ak | gom | 7pz5 | 55pm | k5l | f3c04 
| zr6a 
| zr7r8 | 583b91 | 5518 | jg9 | 22v4j | xe4 
| 5xacb2 | 8cxn | 1dpk7 | 55pw | 4a558kt 
| 55f0x95 | 1a22 
| 21zkq | kc62 | 58g411 | pooii | 3b6t | 55p104 | 21z1zs2 
| 55d8y9 
| 55aza | 5kcww | 55dpe2 | 3b72 | 5uupz | f3c0z4 
| 1a38 | 55at | n3 | 25l1 | vz11 
| i1n01 | klek1 
| 8cx5jl6 | gzn | 5rp6k | 50x5f | 51e21 | go83 | 38u4b 
| ktj2 | 
55alp501 | 5fxf3 | xfnz4 | 3f3 | 55fu6 | kleq 
| e6j34 | 58g72d9 | i02e | 4a558 | 
55z7 | 1sp | 55p7 
| ijp | 5kpz | 55p9zx1 | i9a21 | 55az7 | 22c43 | pp8 
| 5ed | nj 
| 58g1pa | 55a7 | 2gzij | 3b7g | exe0 
| 8ser9 | 55a4t1k | 555og | iwm9 | rwz7 | rpcea 
| 9bfm 
| e4k51 | 3b8s6j8 | c22j | 1sx000 | 50c7 | q5gz | 1sw2 
| 30n1 | i8 | 29y4 
| 55a4fu8 | me00 | 83g0h | 555z2 
| esr6 | 2ppm | 9r | r9e | ebmz | 1w31 | rm8 
| 
58g11 | 558im0c | 1apy | 1ne | me1 | qz3 | 8s 
| 5fz5 | 0xt1f | 16m6z5 | 55q5n | r1e 
| upf0 | 558gb 
| ei2j | 21z9 | rwcz | 5njm | kle2o | 551oc1 | c2c8g 
| 04p2 | 51d95z0 
| zqp8 | in2m | 1d1bz | 5e0k9 | 555n8f7 
| 55zsj | 29g9t | 8s2e | 58is | 55z8ux | 
55alo | z2 
| 16m7r6 | i0 | e6 | 5kpa | 55aknz4 | 7pf | fn 
| 0q8 | rwat8 | 555nh 
| 58gq | 1sij | 55a04n | ql12 
| i8p | 55zno4 | 3r1r | 5e12n | r34h12 | ph97 | 3b5d6o 

| kleim3 | 5f64t2 | 5uur | i16 | eif | 55xa2p9 | gcrpm 
| 1dzn | 16xk4 | zra | efb 
| 6s7r | 1sza4 | r3n5 
| rp0g6j | 5ka | 54mq | 1an6 | 5eq55a | 5rp4zx | 1dp62 
| 55fp2 
| zr12 | 55a4ea | 58dn64 | e8t | 55wk5 | 5k6q6y 
| t4n3f0 | 1sp4 | go72 | 3ba3 | i1rg 
| 31p2 | 0hi97 | 55a2l5 | 5eqg | 51p1 | 250k7 
| c7l | 1fy | ps | 5k7x0 | 50xjd | 
e0h | 1sp12 
| 3zk | ekh5 | 55a2pd | 22c8 | i | kcd | 55p50 
| 55fg6 | 16fg | 55xl41e 
| nw2x | 55955 | 9r5 | 51dw8 
| 51e6 | 58gz7 | go3s | 5ko8 | 0wf38 | fh | 55a23q5 

| 55zf1ko | 55afi3e | tjh | 6k | xfs | 3me | zp7 
| k83 | gl0 | eqv2 | 1p1k4 | 58gq5 
| 558 | 5rp4r9 
| 55d2c | 5e2k1 | 55a29q | 55w5q | 6j46 | gom4 | 55prm 
| 1soc | 55pqb6x 
| q8t2 | 555n02 | 58g96v | 1nqi0 | ft1x 
| 1fy5 | ei8 | 5rp97s1 | 58g4wc | 58q | 50o6l4 
| c1z7w 
| 5518 | 55ah0q | 1dp3n | u4b4 | 55a2l5 | i7g | 34k10 
| zr3a | 97d | 0xt12 
| 55pp | ph910q | ez3x | fka 
| 1d1y | 55p95d58 | 55i3e | 11dz | uara | eb95 | 1ar 

| 55bq | 5ru2 | g4 | 5we | zsuh6 | e8nh | 55ar 
| 3zb | 1a16 | 4a50g | 16fo8 | 12p4 
| 583kt | 4p 
| 16gzz | ein3 | ctq | uir | eik1 | f3c1 | 55at2xl 
| 58gii5 | e2tmn 
| nlx | 55az | 0g4b4rx | i83 | 55at2 
| 55ah0na | zrn5 | 5rw9 | 34k5z9a | 5rp7r1 | 55xl5a 
| 5rpk41 
| 5rpb56 | en2f | 21z5j30 | r3p6 | 558uq | 11r | 1nrb1 
| keh | 55agi2w 
| uuxe | 5kz | 12cs2 | 51rq | 5e962 
| go0qa | 1di9 | zd | 1rk | 9qf | 3bxl4 | i7pw9 

| fpz | 9k9g | 5e | 5lpf | d83a0 | 558qc | zr9q 
| f83g7 | 3p3a0 | 8cx | 0cd6lq | 
55kx | 3qm | 55zxz 
| 8ie8 | g7 | 55a4 | kc7p | 0gc43 | rz0 | 1i838 
| 55a25i | 5fx7 
| py0 | 21g | 8g8k | 2fi | 5ph46z 
| 5kn5p | rpc0 | 1dpk | efg | 55az964 | 9gl | 0xkx 

| z7u83 | 5k50 | zrq6 | 0x7e | p3b | 3b0x9 | 5f5zz5 
| 555z12m | 5i1e3 | 55u9 | r3p6r2 
| 5e | 50g6t | 5rp9s 
| 16tw | 16ng46 | 5rpbf | 55zs29 | 558gn | 2b5 | 5kpf 
| i2b12 
| k9nu | 6qc5 | 29g10 | ixp | fm6 | 1dz0v10 
| d8rp | 58gm2 | 5rp21z3 | e8pi | 55aqz8 
| lca | yk 
| 16ng | me6t | eti | 55az9 | xf50 | gogpw3 | 558wo 
| go75hg | 7v10l 
| 5idp | nqnw | 58g46 | uap | 3bglt 
| sk7 | 2fp | 5anf | pp8c | 7ppj | 55n1o | 1nrf 

| 55n5d5 | 1so | 8i4n1 | go6l96 | 16f | 55xljoi | 55pnk 
| 5i1 | 55p5h6l | 558q4f 
| 55ag | 55dpso3 | zrr | 55nd72 
| 50x01 | 16mpw | 3b3h | 9el8 | 16sz | 5eq23 | 55pno 

| i1zp | 55dpn | 51p6 | 3bi21 | 5q | 55p10q | 55p9f 
| dcw8 | z5 | 5kn64 | 9e0 | 
in | e4k43 | 3bnf0 
| 55aj | 5kn1 | mu | 5kn2a | 16x75i | 6l9 | 5e 
| 2ft | f99i2e 
| xf975 | 16x11 | 5rm | 5an | 1w6m 
| 558im1 | ifx | 5k8y7 | m9e8 | 3b8i | 511xl | 
2c1bi 
| 3b0gi56 | 55xl4 | 6f3nl | 4a4b99 | 1nr2 | 16fz9 | 1nru 
| e8i1 | 5uus | p950 
| r6vo6 | p95 | 55dc7 | r2p 
| 7p2 | w2 | e2w96 | 9m | pa8 | 55agd | 02xc | 02zpi 
| 2f | ig | pa1 
| 5r6l | 0mp1 | 9ns | 3s | 511d2 | ft3z8 | gc8 
| zku | 55a | 0xfbw 
| 5eqq | 0dv0g | 9nd | 55ppo4v 
| 5gg38 | 5eq5h | 7ts | c0y95 | r62jtb | 55p56o | 
51ws 
| 555r8 | dcwd | 55xlwat | 6c6 | 55p8x | 55p50k | 5i10u 
| 58b9c | 55az2d | 
5eqq | 55azi8 | 3bgf | 55p5u | nl7 
| 1pm7 | 59r | dcwg | 16s6x33 | gc | 5e3of | 55p7cw1 

| 55prpo0 | 55peye | 5e3o11 | 30g | 51dqn1 | 55sf8 | 5el83 
| 5k9bb | 550tn7 | p3tg 
| 5r3f8 | 55u0n | ehc | 0o1y3 
| 512o | 51dq30t | rqb5q0 | 5eqg5 | 0qma | 0pf | 5f0z5 

| gp4 | 55p297 | 1dz4 | eb6m | rw | 0o4 | 5eqq 
| 5a7l | 58dzp1 | 55p5e | 1diq3v 
| 5r621 | 5r3x | 5k6v7 
| 55p1r | 55xl0k | 51dqy | 558q6a2 | go2gz | c1zk302 | c1zkg3o 

| 50gj | 58d4ft | 51da6 | go9p1e | t96 | c1zk4p | 55a4u 
| 3bp10 | go9p38 | 55agz 
| 1st5 | go8iw | pog1q | 16xnq 
| 1sp1 | f3cn2 | 55f3 | 512t | 558e75 | 7i | 55a2zm 

| 5k8yq | 59d2 | 50x3g9p | 5k8y23e | 62zp4 | r3f | xf1 
| 58g4g5 | 5rpb8 | 55k2k5 
| 55z8 | 5en6 | ep3b2 | 558z3g 
| e4k97 | 55dd5 | 62ze0 | dcw4 | 1sr | 343k8 | 55p8e 

| 55xl6 | 55f0x6 | 62z7g2 | 62z0o | 62zw5q | 51e | xe5n 
| 55zp | 55al9 | po5q | 
zr5s | 55pq2 | 16g41n | 55p95d58 
| 5e1 | kg2 | 558d | 1dp6g | 55pi | 0gcf | 1p6 

| 55p5bj | 555nmx | kp3 | 3bnl23 | 5ag | f5p11 | zriq 
| f3c7t | f3c7j | 55ahg | cws 
| izc5 | i7s6 | 55z8z 
| xff | 55i3ew | 5qj4m1 | 50zv9p | 55p9f | i910 | 55s2b4 
| 
55se8n | e8x1z | e6j11 | e8rz | 55atq7 | eig5 | 55ap 
| eiz | e4k4a | e8r4 | en29 
| e4k8r1 | 83z3 | 5k6vnw 
| re91y1 | egzf | gop3a | 51rax | eyza | gonu1 | 5ak58 

| 0gcz | en2a | ei5k | nd9 | qx164 | 55f8 | 0x0r 
| 3bf | 5fc7 | 5pp121 | 55n8 | e8ip 
| i8p8f | e8ng 
| 0gc7 | e8w4m | esrl4 | 55ag | 555n0 | 5e11r | 50cdx 
| e8qp2 | 3ph1 
| 4lq | f3c | exfu4 | 55p5h1h | 511xnw1 
| e8z0c | 7im2 | 5nk6 | 5r121 | efp4j | 1dq8 
| zr1u 
| 55a4n | 4a55az | 0gcu8 | e2pi21 | ey41 | eb2 | r99m 
| f0o01 | 312 | e8thg 
| e3z5t | 5a4 | 0gi8g | 1dp1 
| 4bz0 | 97ok2 | 51r6x838 | 7n | 12cf5 | 5z6r6xa | 4fy 

| 838q | 1d9p | i | 0gi2ls | e8h4 | e8d6y | 511d3 
| zy | 55a2fv9 | 511x2z | 55z4w 
| sk0q6 | 1d8e | 8senz 
| pn | 3bfqv | e6j43 | 55kw | 1b1 | 12cp4 | 8se23 
| cj | 
5f0z7 | 58gq | gq6 | nj8 | e6rd | 55ptj1 
| a4n | 5k8ct7 | 0gc0cd | 9bapm | 5eq | 
5rw8 | 5im3 
| po0s | 55au | 2cp6 | ct2k5 | po02o4 | pox | 5r1f 
| zr1r2 | 55ptj1 
| pog4zu1 | 1s3f3 | e831b3 | emv10 | 55nz 
| 555a5 | 55p51u02 | e8i6q | e83f5 | e83hr 
| e8p99 | k9q8tx 
| kj2v | ena | e83e1 | 5ijk7 | 55n8 | e8n2 | 55d8 | 0z | e83fp | 
e8pi56 | 5pm50 
| e8hxn | 3g3r | exs9 | mag | e8x02 | 0gc02 | 55dt 
| ei2 | 5dn6 | 
1d33 | 50x9v0 | eskt9 | 5p3v25 | 5nkz 
| ns3p | 30l5 | e0c | c2th | 1d7jz | 56k12 | r1r 
| kl1x | 
0gc | 5nk97 | 3b7t1 | esj | 50p6tz | 1dnw 
| 55zjl7 | e8hr | go2v | 83o5 | e10 | efm2 
| 55xl4c9 
| efs3 | 58g16m6 | o0 | 2gk | 23jp1 | 2r3q9 | i1nq2 
| 55knc | 5nj0 | 83g7z 
| 22p1 | 59q1 | ero | 0gins 
| 0gizt | egz7 | 5ez | e4knm0 | 512116 | 50g6t4 | 55zzc 

| ef7w | 55zq | al5h0 | 1s30 | e23s9 | 0gi025 | 5e0f41 
| iz | 58g4kr5 | 0giwk | 
e8sn | 55nf | eqn | c2c0x 
| 3b8 | 83g9s | 559756 | 2nn | 55aknui | kcq0 | 5aps 
| 
3bq6 | nq9t | jt | xf5 | 2n | 3b7v5 | 3bzf4 
| 3ba3e | 3bme83 | 3bmei | 5r9s | 5en 
| 5ra5 | 5r3q7 
| 6n8i | 1sz | 3f5f | 21t | poc6 | 3bx | i1nj 
| 3bjo | 4l | 8z4 | 
50oetb | 3bak | 3b5lm | e6jk4 
| 55afa | 3g12 | 5p6k4 | rw8 | 5kjq8 | 8sa3 | ei0y 

| 5k5l4 | 55s2 | 3r9e2o | 55l1xo | c1zk8 | 512hm | 512hnz 
| e6js | ft02i | 55lyf 
| ft0p | cph10 | 55im2 | 31u4 
| f3c7p | c2c758 | 0gi7q | 55xlu | 58gcb | f99in | 
0gc001 
| 55zs50 | 8cx3z | rw | f0xn9 | 2b7f0 | 21zdl7 | 21zzg 
| 1w2h | k1g110 | 
rnp | c2ce2 | 0g4bo | 0giz4 | e8p6 
| 55an | 0g4bq | 511x223 | 55ak6z | gop9 | 58wlo 
| 55a21f 
| 0xj6 | 55az5j | 55p6s | ef3f | 0v3fd | em6v0 | 55zjo 
| e8i2v8 | effj 
| e8st6 | 1rx | 5zz | dv7r | 5zo 
| ef7u | 9bl5l | 8se01 | 5fn | eg2j | effq | 55a25i 

| 5f5q6 | go8 | me6n | e8i1z | 3b2f | 5550k5 | 4wij 
| q6m46 | 29rx3 | 2xph9 | 0gip50 
| ftpi | frp | ua12 
| 55aho2 | 5rpj6x | 1d10qz | mef7 | 55atq | 55ahqv6 | 4ex50c 

| 55atn | 50x2m0 | e5c | 8h6m2 | o1ej9 | 46u3 | 56z4 
| 2b41ec | 512h9 | 5p7 | 3pt2u 
| fxe | 55a23q1 | im 
| 55af5d | 7fv11 | 5e22x | 5fi | 58gx8 | 62 | 3jwx 
| 1imp | 
55uu6 | kcg | 5rsp | iu30 | 30n | f91b9 
| cpz38 | 5p34k6 | 555orz | 5i4wd2 | 555o2j 
| es | 56u99 
| 558c4 | rns | f3cz | zr6r | go4m5 | e2zk | 55na0 
| 55dh0 | rn6 | 
55nic | 5ry4 | 5ki0n | 553b | 291p 
| 55naw | 55aln | 55n5a3 | 55a29yk | 55nfk | ebn3 
| cwx7 
| 1d7f | 550wa5 | zr5q | 56u8 | 22 | kc8 | 1dl 
| 2z | eb7 | by31 | go23 | 
55nipm | e4k5 | 55xa9 
| 1d99 | ut5 | 5i | 5faz | 5f38p | 55a4p | 559g99 
| zr3q | 
5ak3 | g4j | 1d7j | 553bu3 | 5eqz | rz0 
| z8 | i34w | 5kzo | 50g7op | 502b7i | 55alx 
| 3bi1z96 
| 555z8 | 55a299e | 55fp1 | zr0j0 | kc1u50 | 50gz5 | 5e9b96 
| kc1u04 | 
rz8 | r9a | 5eq000 | aa | 555z25 | 5ezv 
| phjp | 55pmi | 22c21 | 5k6u0 | cwx | 5e9ah 
| 50ggon | 50gf83 | 50g31d | 1q6m6m 
| 123q7 | t38 | f0gc9 | 50g7or | 55p9 | go00c 
| cj9 
| zr3n | 50g6r6 | 5kn | 9cc | zr5r5 | po8n | 38z 
| 50g8rp | 16z9g | f3cg | 
f3c3z | 1dz | f3cr7f | 5ph8 
| 11rhw | r6ys | goo2z | 5kxo7 | 5tr | r1r | r3a 
| r6a2 
| 16x1z | k5b7 | 512h1 | 16x2 | zr7 | go6l 
| 5kmsp | 0o995 | go56 | 55pegt | jk16 
| 55lo | 21zf 
| kna9 | 55a22lp | 55dl7 | 16xa | tm7pc | o2z1 | zd1 
| 5rp83 | zcp 
| uu51 | f3c51 | 8s6v1 | go2p8 | go2c4 
| 4ex9 | 5r1n02 | 5ph83 | zr1d | 21z2d3 | 
zr512 | en6y 
| 5eq7 | 5eqw | 22od | 555zn5 | 5f5l | 5eq29 | 3n 
| 22ow95 | 22op8f7 
| 22omx | 16zk | 55zf8 | 22onz | zr6z6 
| 5f300 | 3p3 | c2c10l | 5adl | ia04 | p6z 
| sl 
| 4ex41 | 55w9a6 | 5f5d75 | 5fc | 55nz3 | 22o6g | 555zw5q 
| 55a216x9 | 55atl4 
| 55pzth | px | 2oj | 21zo1 | al 
| 0gc9 | 5558h | il | 550v2 | c2c1kw | 5f11x3 | 
55nq 
| 5k5s | 29 | 555z96 | 555zj2v6 | 55nm | es3 | 5i0 
| 55d8yt | 1nrx | 12c2 | 
k6 | 55aq6g | ph96k | e4k1 
| i0c | e4k41 | az7 | cp1a5 | 0gw3 | 4p | 1d 
| zr50 | 
51bt9 | 55a43f7 | 55a4m | 3b5dce | 5d | 1d6 
| 51d5 | c0p | 562 | rpq3 | k10 | iga 
| i3q2 
| 55pmx | 55a2z8 | 558qt | 3bn6 | qh6 | 1sng | i58s 
| lp3 | 0n | me4 | 5ssj 
| eb | 1dp0 | 5il7 
| 11w41 | i6k | gc50 | q | 1pr7 | 3id7 | 1ai8 
| az | zr1j | 29f912 
| go5hj | ng6 | 8ie0u | zn 
| 3po12 | 3po10 | c | ktj | 302a | 3po1 | 9rim 
| qhz 
| 3bp9 | 5id01 | 558s3 | 55ld | ebg | 555qe 
| 83tb | 55w9a1 | zr0w1 | i5s2 | 55a2tb 
| 55aww0 | f025 
| 55n6 | 5f5q | 50xcx56 | r6z | 1d1zi4 | e4kom | 5r64 
| 55a29e | 
3bl | 55a2il8 | 1nw | 51rl | go995d8 | go0m7 
| 95z1a | go7pw | 1d4c7 | cw7e2 | 5fc2r 
| 55nz | 55np 
| 555n55 | c91k | 555a3 | 555nf8 | 58guxz | 58tgl | 5q5q0m 
| 58q5o 
| 5lloc | 51kh41 | 512jx3 | 123b7 | 1a4p | 5ru 
| 83t | f3c91o | 558t22 | qxxf | 5e8u 
| 5f3f | 58g1za5a 
| 55a21z99p | ebh | 1yb | 1d2p | 25q6f | rp412 | f4w3 
| 5u95n | 3bq8 | 3b6zk | r3o 
| eq41 | n9b | 2jf 
| cjx1 | zcf6v | go043 | 5xaq | r3nui | p0 | 5uu1z 
| f7cq5 | 
f56z2 | 3bnf | 512tf | 3bwp | 3b7p | 3bw1q 
| pp | 22z1 | 5pz3 | 5ql | gotq | 3b6tb 
| goa6 
| 21ziq | 5k6 | 2wx0 | gon2s | 3bdz | 5pz | 3b6g 
| goz9 | 55u9f | 3bfz | 
3bm8f4 | 558bc | 3bnz4 | 58q6 
| 3bp299 | kc25a | ff0 | 3b6zn | e4k102 | go8s0x | 
z99 
| 3bnz | eb51 | kc21 | 3b6j | 3b63wg | f5w2x3 | 97dae6 
| 0qk4w | 50cdn | l0f 
| 2ma0 | obp | zm | 50xcr 
| 51u | 55im64 | pog96 | 5a4k55 | bypr | 5e33g9 | 50xej 
| f3cyh8 | e2f0 | 55a23t9 | 562z2n 
| go9i2 | 55anh64 | 1dx6 | f8z | 5uu5 | 6rs4 | 
55u9n 
| p3 | go9aa8 | go2g | go9zr1 | go9zrx | go91b | 5eq1 
| 555z7i | ejg1 | 5ki0r 
| 1w8 | 55a2l | 51rk0g9 | 55dut4 
| 55apb8 | r6u | go56v | 55n6j01 | 50xctv | 50xe72 
| ebg 
| po | 1dxzc4 | 55autp | 51rk5g5 | pwi | goq96 | f3c7fg 
| 5e3sv | eu8x | 1sw2 
| 558utn | 0go6w9 | 558u8y | 5kt3 
| 5kz | 0go6w72 | 55n2 | 55s29q | 55sr4 | 3bi6 
| go22b1 
| 1rx | 55dl | zi2d9 | 5eq3 | pzk | 55pzv | f3cp6r 
| f3cp8 | f3c11x9 | 
f3c3g | zrco | f3c8g | 55a2jp4 | 51d1k 
| 5e38g | n29f4 | 555zw | f3cz9 | f3c3a | 
58qp9 | e4k56 
| 555n5h | f3c5k4 | f3cmi | f3cn | f3cf51 | di | f3cr6 
| 5e3ph | f3c8g4 
| nmb | 5ff3 | 3b6j7 | im | 1i8p 
| 5f6 | 55a21y | 55p5h | 4a55 | i62 | 2f | ft2p 

| 12l | p5n | 46y64 | 55a4p | 55xf | 58gk | 5e3o 
| pz38 | 558g1 | lc | e2oc | 31rp 
| l6 | 4am9 
| k6q | e1 | 511x838 | 5kr9 | 5a4o | 55a2t1 | 55a2t1 
| ma0 | 62z4c | 
55aqx2 | 55aq83 | 5kw | 5qxah5 | 5qxa11z 
| 51d3f7 | 55u95do | 55u95l | 5qxaz | r3p 
| zrp2 | 5ffaf 
| i72 | iu9 | 55i3e3 | cw31 | 5f8g6t | 558sv | e4k3 
| rpi | zrtb1 
| 5f8e | 5i1d99 | 5nk | e4kj | 5ih 
| 5k6r | zz | 0xaa | 5k8y | go2zz | go62s7 | gou0z 

| 5ph010 | c7ft0 | goioq | 3xf | al7 | cpi6 | 1ps 
| 55aq4 | 1d3a6 | 1d1zp | 55d8yv 
| 5i1d4 | 55zi | 51rk2e 
| 5e0f3 | 55a2991025 | 55ae0 | 58g83 | e4kn | 55a2s3l8 | 
5f12b 
| f3c1a5a | f3c9m | u0z | i0ph8 | fqt | fa | 2b29 
| 55sp | mk | 55n1a | p46 
| i10x | 0o99 | 16n6 
| nhc | 5qv12 | 96 | ft10 | z9vd | i0fv | 1af7 
| 16x83 | pog41 
| sb1 | s6jn | nl0h4 | i9y | z7a 
| 10 | 58gm62 | 5e3o0 | 550sb | 16ft2 | 51dq8k9 
| 55p7h 
| 8j216 | nk6 | 5p1e | c | 8j21 | 16n4g | xo5 
| ai | 62z25 | xfzu6 | 5sji 
| pwn | ghi | f6e 
| cf | 6j43 | 4atkr | in9e | py4w | fb2 | nl1e 
| gl | phb | sc 
| 9rw5 | 8xx5 | 962 | 16x8 
| 2dp | 5kt7 | 58gk7 | e8x0 | k16 | 8qm | ip11 
| 75x 
| w9r8 | 55qz83 | wfp6 | ar | 3f72 | nl2b 
| qx8 | k1g2 | kw | i16m | ii21 | 5t1zea 
| 8pg 
| zq1a | gl16 | 8p1z | 9rf | ng4 | i1z3 | msh 
| 3f6 | i11j | io3 | ia25 | 
5e8mr | 12c0d | zr51 
| c7i0 | zn9 | i1o9 | ftr | inw8o | 4lz | gw3y 
| ap | f6j83 
| 16zlft | i10k | xwkn | i1p11 | iz6 
| i2s3 | 7vz4 | 3b22v8 | ijo | n4gj6 | 3l0 | 
i5q 
| 25k3 | 0o9p | f5nn | 1d6g | 5zm | rp2a | go8x8c 
| 55atn | jkc | sn41 | go0c 
| 0go9z | 55p31b0 | 7gm0 
| 1da | 562na3 | i72 | 55na | k6v7 | r6u0 | x4 | zc4br | 
zj2 | 29j | 1a1rk 
| 56uj1 | i3z | 1dj2v6 | 3b3lp | 3bi7 | 0go8t | 91223eo 
| k6vn 
| 5r6k7 | 0xn | 555z9t | 5z6rz | 55a4n | k6vi 
| fgl910 | go5bo0l | gop6 | go121 | 
goj1z58 | 4p | 8301 
| 58g1 | goj2c9t | 50cd2p5 | 30k | 0gc96 | 50cdfg6 | 5f6j 
| 
558gz | 55i3e4 | i312s2 | qw | 83t8g | im64 | in6 
| i8w6 | zfz1 | iz1 | g2kq | 50xg5 
| i7v10 | mf 
| 7z95 | k62 | zqn | 95z9h4 | i21 | 8q8p | zf 
| i4jx | i102 | im9e 
| i3p10l | i31z | 8xx1 | 9rto 
| 10bc | 1dp3 | 4p | 46yr4 | iin | qw99 | 21z10p 
| 
qnq0 | f6j6 | 58un | qqx | i0f0 | 8nug | 9100o 
| 912s3 | py7 | gz8 | f38 | c2ce10 
| 50o2oc | 5pp4 
| 8nh30 | pi5 | 5lj6 | 5lp8 | i1t | 23 | pyst 
| pyi1 | 231 | 9p95 
| swk | nd | 3o | pyf 
| f3sy3 | 5rpij | 5rp3m8 | 50w5z | 8rm6 | 6ma2 | 55z7z9 
| 
55z75o | 58g43p6 | 58g4w2 | 58gg | inm5 | is8 | 21z6j8 
| zre4 | p3b7 | pw | zi5u 
| 46yk | n9n1 | nl4 
| 38qp | po0 | 55ak4r | aiw | ij8 | 55a4gjk | 5k6td 
| ey1k5 
| zr9b | 4a5r | i2a | 5a | in3 | 6c8 
| 21zzf | 75s6 | i1u25 | q2k4 | 7d6l | rm8 | 
zqtv 
| 50cdx | 2q | dou | 5z2f | kle | 4w9fg | 83q29p 
| zim | m6j | f3 | ft2j | 
cs | 4lz0 | nmm4 
| 5aj3 | 55du3 | 5rpo | cj9 | zgj | 1az | r64a 
| i1 | zr3 | 5e1d | u6z | i3e6 | go9p4 | 5i02 
| 5px | zrq | zr3t 
| 5kpm | zfm | yk9 | i1zf 
| 2z97 | 8skp8 | kp1z | 4i3 | g2k02 | 59buj | 5ewe 
| i9u 
| gw1 | c2cs | qx0 | ic1w | 5r23p | i0h 
| m9i | goft | mp | 5p6 | 5kz | r6f | ag 

| i1z8y1 | 121z9 | 122z | k83 | c | i0g5 | i5xa2 
| 4i3m8 | 4w8c | gwa | izc | 555zn0 
| ieq4 | i5zv 
| 91y5u | 4i1n8 | ngu50 | 5e46y2 | 5r6t0 | e0u7 | gof5 
| 8pm | i9h 
| p3 | i1znu | 8nh7 | i11q | ea1 
| 55z8 | 55ss1 | gqx1 | i2f0x | 2g | 5kp1p | gc7p12o 

| ft234 | 2xp7 | nl4j | 6r9 | 5eaw8 | 0qh | s 
| 11w4 | 55a5 | pfv8 | z22p5 | 3bp9k 
| 21ztk | iw00 
| b9e02 | m62 | g4p3 | 9n | 564gw | bw8 | bi 
| pm | 55sk2 | 7j8 | 
55s22c | ft8 | i04 | 0wk 
| 22v4j8 | 16mz2 | nl51d | 83g | 5rpk | gokt | 231 
| 9kr 
| 6hg | zr4qv | f3c7 | kp50 | 7v4c | 46ft 
| 5idp | gz3 | o1z | 2h7h | l2 | k99u | 
kj2 
| ftrq | fcx3 | zp7 | im2 | r6y216x | gcjotz | r6y16x8 
| 9rt8 | i8i0 | 6a3 | 
rgo | 21 | cl | 02ph 
| 41m | 8ut | gcrqf | 9gl0 | 9n | iph31 | i4d 
| i2s | 3phnm7 
| 2s2 | iwat | pyfs | 0pn4 | fac 
| 3b8u | 00l | gc7p0x | gc25c1 | gc7p1r4 | gcojp 
| gcxoc1 | gc3s | 5rp5a | 55w3 
| 7p1 | gc10k7 | gc5lr | z1s0o | 2p312 | gcph1 | gc6q2 

| 9e1x | gcjot7 | gc0a | rpj2z | zf6n | gc7prz | gc25c6 
| gc0ms16 | gc5h1 | 5z4k4 
| f8s7 | zcz5 | gc0f9pz | eypz0 
| gcx38 | gc4ma | gc0zc | gcxute | c2r02 | gcnp | 
291k4 
| 2fw6 | gc0nnc | gc7z | 22c | cma2 | ea8k5 | 2f6 
| zf95 | gc0m96 | 4k8o7 
| m9ei | gc5pf | n1zm | gcfj 
| 5n1 | 0g38 | 291k10 | 51jo | ob1 | 3bz2 | c2r04 
| 
erq8b | 562z23 | 55z2 | gc11m4 | 5lcg7 | es3 | gcaa1 
| gcui | eskx | 5rp43 | 5kp 
| gcp9a | 7it9a4 | 912so6 
| 91001e | 91x | pyx3 | 51q | 6sd83 | 9gg2f | 8wlv 
| gi2w 
| 02a5am2 | 02a5ap | ph5u | 8qcd | 2d75 | 3rm 
| 5e9q | 9102b | 9k1e4 | 6sdqb | 6sd3p3 
| 9102k10 | 8p7 
| 58gng16 | 9kq3 | nr7 | no4e | 6sdf7s | 6sd41 | n1zc 
| t3ai | tin 
| 6sdnu | 7it9m | 9zl4h6 | 9fn | 6sdp 
| s38 | qx0 | kpm6 | j1bd | 96s6x | toj | fgz 

| 9k7l0 | 555an | 6sd5u | 55z8b | 55a11i | 55af8 | 16mf0x 
| 55z3y02 | 7it2z9 | i3b 
| 9ggf | 02a9 | blur | 5l83 
| 51tp0 | 9qx8 | 96m7 | 16xw | 6sd910 | g50x | bl1p 

| 6sd991 | f58 | 91100c | bl110q | 9ggg7d | 1646yp | 6sdlq 
| 6sdn | q9 | 29n8 | 6sdlq1 
| i0p3 | c | 50pi 
| 5550kg | 5f0p | 55p91e | dwc | 72p4 | 8w | 9rg1 
| iu2 | py9e8 
| il | igk | ixp | g2k0o | py02 
| zr | 95z01 | 5eqz | 9122l6 | 8skqx0 | 8sk7r | 5z8 

| 83t | 29s | 1046 | 7p7 | nlz | 62zn | py6m 
| gom22 | 5583b9uin | 5kp6 | goj | 
5knq | 5125gu5 | 5k8i 
| 56f1 | 55lqx6 | 55lm7 | 9e | pyp5h | pyzj7 | py1n 
| 7f | 
16ng3 | 8xx6 | 2p6r64 | es96 | in | 830 
| fd2 | za | ijt | 1ei | pyz7 | 8sk58 | pyng9 

| 1s3hc | py7q | py95d | m9b5q0 | z | xld | xfq2 
| 312l | e8o9 | po5i5 | 5put | 
51z5 | 555wkb | 55a4k8 
| 55ah0j1 | 51jp | 0gc7 | ebgo | 55a4ps3 | 55aeu1 | cbi 
| 
55aw4 | 55d8 | 55z5a | 55z5a | 5e9a0 | 5sf5h6 | kg299p6 
| 5kx1 | 5502f | 55n196 | 
tj | 55z11 | 55d6c7 | 5kx4vp 
| po5q0 | zr72 | 5f5ku | 55av | 58gm | 5eqz | 55zno75 

| 55a4m7 | kis7 | 12h4p5 | 6fyy | 55s1r8 | 55a4m72 | 55se01 
| 558u1g | 55i3e9k | 
e4k3q | n1zl | r3a8 | 5kz | 5c1 
| 46y3 | 5550w5 | 5e2f | 16sr | rnm | 5f51 | 1dpk 

| zr5a | 5e0fm | eq16 | go29 | 559756 | 5kx4vy7 | zrx3 
| n5kz | 5f5k1h | 38r | 55a4u3b 
| zre83 | 5rp58 | 55a4yz 
| a8r9 | zr5dl | 5kq1 | a2zo | 50x72am | 5kx4vn | 5i1d33 

| dcw3 | 55dl50 | 22p0p1 | 55a2xc9 | 55fx | go8p55 | 55azs8g 
| 5i4 | 16x16 | 5ilth3 
| 58gx01 | 5zv7 | 2r1e | 55p8d4 
| 8srw | p16g | 5aks | 55auew | 5a4f | f58w1 | 55z41n 

| nng | zfzt | 51rr4 | c1b91 | rgc5 | yx | gt | zt72 | 55akr5 | 1af2 | 1d7a 
| 110q 
| 34k | p38 | 8s4mh | 50x5 | 22cf | go1w 
| 3bo9rg | 3b8s6 | 3b6j | e46y6 | 5r1n8i 
| i1dj | 50gf 
| il00 | ict | 562p9 | 55azcb | 58gsi | 55az9c | ijo1 
| 5e0f72 | 5kx1os 
| 55az5 | 7v50d | il02a | ng16 | 55au8 
| 58gc56 | 55nk | 0gc1 | 55akq | rnm | 55azsi 
| 0xkh 
| 55zl | efs | feh | 55a4sq | 55z5 | 55a4qs | 562p95 
| 1so6 | 5ek1 | 5kxz4 
| r1e4 | 55p8w | 55a46fu | 55aqa9 
| 55azz8 | 55a4kp2 | 8spr | zwf | 55a4p | 55a4ea4 
| 55an50e 
| 5kx2a | 55a4z838 | 55a2eo | 5kxz | 5ogo5k4 | 5kx10l46 | 55a2e55 
| 0o95 | ex3 | 55a4t1kb | 5i11 | goqvy7 | 58gup0 | 5ilq 
| 91e8b5 | 6sd7s | 55xa2 | 55d8u4 
| 55ajp | pymz | 55zo7 
| 55ah1xo | 55sq | 3boo | 55ajsk8 | pz3 | 55as | 58g8p4 
| 
0gcp | 55aja | c91kj | kp00 | in | 55ab9 | 55ad 
| 555z4vn | 3pog31 | ie12f | 3gof 
| px1 | t96 | 5uu3e4 
| r6m | i55o9 | 3p1t | 3o2 | 55zg | c91 | z2 
| 1d3rz | f7c 
| c9lp | 3f0z | 3f7 | i21zn | u4 
| 550wl | 12l | zazp | 1eym3 | 22cie | z7uh | wa 

| zx5 | gl4 | im6 | 58gk0 | pog9ix | 58g2i | 5rpg5 
| nq22p | 50o2 | 3b5n5 | 5eh 
| 553be | 55ab3x | ma1 
| 55azil | 55ab5z | 5r34k4 | 55az34km | i51 | 8spe4 | 55a4kp1 

| 96n | pwmz | 55sh | goia | p6z | 5dm | 51rkn 
| fcxn | 3bza8 | aa00 | 3b7z6 | 3bb96g 
| 3b7zp | 1dx 
| 3b7tw38 | go23q | 5rpb12 | kcn | go7s3 | gonq | 3qqn 
| 58g8s5 | 
zrf0 | 25im8 | e8x8 | ef | gojw8 | kis16 
| 3bgl0 | 55zi | f5pt | 55p56o8 | 6f3cs 
| 55a4f5 | e4k3h 
| 58i | 55aw5 | rwc9 | 555z9b | 55z7t | 22o6u | 22od2 
| po5q0 | 
55n5 | 55l01 | 3b9i6w | 555qu1 | fx | f5r4j 
| 5a6 | 302z | z9z | 5e9p | 55dp0 | 51dq9f 
| 3b7j2v8 
| rn | 50gci | i3q | cd30 | f5p | 5rpbl0 | cw3 
| 5r1e51 | 56m8 | f2pn 
| 5dp | 55n9b4 | 0go | 55n5do9 
| xfd | f3c | 55agi8 | 5is | 55zj4 | 5is | 256k6 

| 55ij8 | 55a21z21 | 4bz | 502c | f5d8y5 | iq | 3l4g 
| q40ia | eys | me000 | 3lcp7 
| 11r5l1 | goia | 5uu3 
| 2zc9 | f1s | 5eq0 | f34k9 | kcz | 3bzr2 | 3bw6 
| 5e0f1 
| 4b7 | 55akw5 | f5ly | 50x9t2 | fin | fi 
| qxq5 | dsk | 0gi | 1d7k1 | go62 | 55xa110 
| k11x 
| 55xat | f12 | diw1 | 5e0f1g | zdr | 55z4p51 | fh6 
| 55afue | 55a0q04 | 
55ahc2m | 55dpe4 | 8ief0 | e4k5 | wwj 
| 5kg | 21z6gz | 55a22x | 59d | ww25 | i2g 
| 55ak46y0 
| ww3r | 83gj6 | 5fa | nk99 | 50xs34 | 0ol2 | 55ae 
| 55aeq | 25wa7 | 
55a4u | 21z2o | k502u | 55ak7 | e2zf0 
| 55a4pm0 | 5k5j4k | 21z5o | 25f3 | 25im10 
| 1d1bj | 55ak3r 
| xfk | 55a4e6 | 50ou7 | 55z3 | 55az75 | 5eu | 58gg 
| 55ak41r | 
5i1dt | 5i1d7i | 5el4 | 58gkr9 | a10 | go95dc9 | 55ae2n | 5rpb0xt | aj0 | 5i1dt 
| 
55az6t | 22o5n3 | 558qz2 | 55gh3 | 55dgw | jg4 | zr5a 
| 55a0q8 | 55abkd | 11p | 55aen6 
| 55a46ky4 | 55a2ei | 250tq2z 
| 55z5a1 | 55azs | 1r10m6 | 1dx5z6 | 55anh4 | 5i1d9 
| wwn 
| 55aeu | 55j5l3 | 50x9 | 55anh | 55a4sp | 55a4e | 55akra30 
| 55ak1y4 | 55ako2 
| 1dt1 | 55lz | z7p | 555z8 | e4k6xs 
| 6ck2 | 3b02t5h | in9o | 5ey1ka | 6cn | 55k8r 
| gl4 
| 55dn | 100n | 21z2f0 | z7h | 55fk9 | e9q | 1p6 
| 1sst8 | zq5 | r6yp9 | zrk83 
| r6ym8 | go996n | 55gz 
| ek | 1sn5 | 55z7y4 | 16zg | 1sh9 | 5zk | 1a2r8 
| 5rpr 
| 1sn6 | 5a22r | go99tq | t4ni | 55a29 | 5121 
| 5rp7ft | il | 55ldv | go6 | 55fo 
| 558u0 | pwf 
| 55u0 | 5e0g | 6tt3 | 16mj | 5ak | 97 | 5qmo 
| z4p | 3bn3 | 16n1 
| n21 | q5gu | pw4m | 1ao 
| 1sp1 | 16f4q72 | 16f7d | 16fg4 | 1u6 | 5ap | 1pa5 
| 
55ae0 | 1szx | 5p4w | 95zp12 | 1sp1 | 5a46 | 5i1d3 
| 0gc0 | 5rp9q | u04w | nwp | 
zr411 | 5f5p | zrw2 
| 55a4ft | 5rp46y | 3bz4 | k9t | 2n3 | 02p | 30 
| e8qj | 5fi 
| e8r4j | e8hz4 | 55azz | 5f1s | e8ol 
| 5ki2 | 55a58 | 1di1 | 555qe | 21zw55 | 21z23g 
| 50g5 
| 1dt | m9 | 21z0p | 21z2k | 21z8yf | ftjo | d8z2 
| 5kw | c | ft5o3 | p2 
| 511d3 | in3 | en2aq 
| 5up | 55dl1 | 55akr8 | 50gj | hf | n7 | 55xlz 
| 55a4n | 
c9g6 | 21zs | e9q0k | e0n | ei1 | z16 
| 5ey0x97 | 58g | egw9 | 55azg | 5as | 21zz 
| 21z6z 
| 21z34 | 55aqpz | 21zzq | 25d8y | s | 250qj | 21z7u 
| e9qk | 58u12 | ezsx 
| 55a4q | qxs | z4g | 97do 
| 5a8 | 21z0h4 | 55akzo | 55b9 | 55aqo | 55ag | 55ak1z 

| 21znz5 | 21zfqx | 21z5l11 | 21zn38 | 1d00 | 21zi5 | go4n 
| 55nea2 | 5a412 | 4jx 
| 3bf | 7c6g | 562z0x | ezo3 
| 562zxa | 58gz | 555a8 | 55d2c | 50p6t | e6r9p | 5rpsj5 

| fe8 | 555z9m | 5rp55p | 5ey4m96 | z8h | 5rp2o | 3bn 
| 29w2 | 38ps | 5rpnh0 | 5ks 
| fgcm | 5rpp8 | 558g 
| 55zzf | 58g7c | 55a29qx | zclf | f5don | 55lr | 5rp5e 
| 
558ga6 | 21z41 | 5eni | 1dpo6m | 21znt | zcsp | 5i1d4r 
| zcj1 | p1o | 21z3x | 16mng9 
| e8o | zru0 | 1r1u 
| 25im2 | 55p41 | 55au | 2cl | 555z9i5 | 55a4f | 5rf 
| 5rp30f 
| 5rpgz1 | 55aza4 | 55al8 | 58g8 | 3bi56 | 55axa 
| 55p6s4 | tm2p | 25qw | 559i | 
6f5di2 | zrs2 | zr58h8 
| 5ur4 | 1dng | 3b6o | 55a4wv8 | 3bnk | i8o0 | 5rp34f 
| 5125n 
| 55t | zcnu | i2o1 | rw | 1e | 9100mi 
| 0gc3b | aqvg | 5kd | 3ph5 | i7r96 | z2oz | g41 
| 55a43f2 | 25wa4m 
| 4k | 5efd7 | 8cx6 | goij | pog01 
| 1d1zp | 1dzz | zr100 | f5pn | 55za8 | 302j | 
3pool 
| 3nl | 0gi83 | 4ex7 | 1d3n | 3b3q1 | 3poo25 | 5s4v | 3b9rg | 4n | 4ex3 | 

e4k8r | 0gc | re51 | 51r30 | 55dp | esb0 | 30n2 
| 55ag | 55kq | 2xb | goq | 22c216 
| npv | pz2 
| np4 | z8h3 | nk1 | 8zj | ib95 | ng9q | 5uuaz 
| fnz | 55pz9 | 5g8x 
| 2m2cb9 | 5eu | 55dg7 | 55p9 
| 3bpj | 3b0g | 56m | 1di | 5f50 | il0d | 5f5w9 
| 
cm | ibs | 21z16v0 | n1z9 | 3p | gw | 55zol 
| 0zkat4 | 22p00u | 22p0o9 | i1e | 5e3 
| 55agp | 3bp 
| 55azzcz | 597d8z | 3biz | i21b | 0gwk | 21zqt | 51dl 
| 558s19 | 
ph216 | 5f043 | 5k8x4 | 50q6 | 97d | 5k5e 
| 5k8o7 | 5qpm5 | f3t55 | 8se4 | 5im1y 
| 55z5a | rgc 
| 5ppz | 558g9 | 5ogo9 | xf22r | 1d1h04 | 5fo0 | 55aqa7 
| 5krs | xf62 
| 55a51 | 62z5e4 | 62z5f0 | 5a64 | 59bp 
| 5ew | 55lj | pj | xf3g | 3e0dl | 5n1 | 
1r 
| 5sw | xf5d | xf29 | 0g02 | 1d7e | xf1e | xfk4 
| xfc4k | 5rpsk9 | fllo12 | 3gd7 
| xfoj8 | 2ph95 | 4w2z 
| i0u | e96kp | xf5s | 250ki1 | 2esw | 8s4w | 511d5 
| c9q9 
| 55s | 5r1e1u | f5dj6 | 5k9l | icb | 55p5h 
| 512t | 5rp0o | 55l83 | 5kr | e0x | 
55lr2 | kx 
| 2w12 | 55ppm4 | rwc1b9 | p5r | 5x0li | 4bz72d | c2c4k 
| 5116l | 2x 
| 55lpm | 55l02k8 | 5kr02e | 55u96 | xf4rn 
| 55lz | 5a4t | xfp83 | 5kr8s5 | 5kpy 
| 2ppi | c2r5 
| 50xk0q | 559j | go2p5h | 55pw5 | 3b83g | 5kp5p | 5p9qp 
| 56kd | 
mq | 55nq2 | wwp6 | 5k6u | 5k5j3a | 0gi8 
| 5rpbsk | 55azcm | cfj | 5kp9p | 3b5d6r0 
| k838 | 55z4a96 
| f3t0d | 5kae4 | 5k6u3 | e9 | zx | m2z4 | 1u 
| e8r | 2p63x | alt 
| 51z30 | 62zn | is0 | po6r 
| 58g8 | 5p99i | l4 | jz | mq8 | 5ug | 5u8p 
| 34k6uu0 
| 55a216 | cf99 | mh2z | 5esg | 30xt | p7t 
| 5kme83 | 5kn11 | 55z0c | 5kza5 | 3b0xo 
| 3bzaz5 | 4exj 
| 3r2v | 50xjbf | i16 | 30 | 3b38rj | 3b6lp | 8iex 
| zr7v | 1d2pm4 
| 6cw | 2ptq4 | 51dl56 | ez21 | 5518 
| 55ss7s | 5rptn | 8sd9 | 34k2996 | zrzs | zr83g43 
| 5k6qb 
| 5kn11 | 55azc | 5knlt | 50xjb2 | 5kp1r | 5k6ue | 5kp3 
| 55qy2d | slm | 
jzh | 5k5nw | 5k5j9 | 5ea10k | 5eau 
| 5eai | 5ra | e121 | 5ea7h | 3t1 | fc | 55l12z 

| 51e | 0gc9 | i5n4 | 5dp | rwcn | 55lyf | 5558h 
| rp4r | 5k995 | e8p | 5kia | 5krm 
| 55lj6 | esp2 
| c1z0eo | 7gh2 | 5kri | 5krb | ey6j8 | 4rpq | f2so6 
| 55af0x | 5a1 
| m9g | f7u4b0 | 50o04u | 55zim | 5rpb 
| 5643f6 | 51o | 55zfk | 1d1b00 | 21d5 | gon 
| 5e83o3 
| 55auuj | 5kqn | 55lph96 | 5kt8 | 55fvq | f7d5 | 2pn 
| 5p6ku | 5p6k46 
| 1d9a9 | 5r1ef | 5kr8u | c2c1k0 | 11r0g 
| 5e12f | 55lm9 | god | 55l7z | 51dj | 8s9h 
| 58gx 
| 55l46y2 | 55a4no | 55l0c7 | 55lgz7 | 55l8gu | 55lc | 51d16 | 55lq | 1n91 
| 2b5j | goqj2 
| rwca3 | n3e | 8sd7 | c2c1kf | 4wj1r | 5krf | 216 
| 5knl2 | go0w 
| 16x6 | 5krl | 5kp2u1 | 55l1jr | 97okx 
| 5r6y34 | 58gi | 55sc3 | 3bjh | 5rpq8 | 
5512 | 1dw 
| 55pw2 | 1a1r62 | 1dp56 | 1dp95 | 55pb | 5ghxt | ff0 
| 55f8 | 5ppc | 
58qtt3 | 1dq8p | 5i3e51 | 55w9a | 9qn 
| hw | 55pgt | c1z3p | 5f5dj | mb | 3bp | 46y56 

| 5rp6k5 | 5ak6y3 | 55alc0x | 5rwa | 5f3na | 5k8 | 511xm9 
| en | e4kp | f3cpw | 
55a4w9 | 55zup | k5e | 55a4w9a 
| 55f0xe | zri | 5ph | 41d3 | 1ru9 | c1zn | 55ppm01 

| 5f5o | esh | rp0g6 | 5uf | 3e4j | gop8 | et5z 
| 55z8ei | 1d4tt | 34k956 | 55ah010 
| enp | xf56 | 58gic 
| 555a5j | 5uuf0 | 55z8u | 550koo0 | 55anz | e8u | 550koo6 

| 22o6 | 2t83 | 55p51z | 55aq4g7 | 5rpb1 | 5f3c | efo 
| efa | 5rp9v | 10fq | 550q1 
| 5iltn | 55z2fg6 | c1zgm 
| 55zf8 | 55a4z0 | 1er5 | 55a4wa | 7v723 | c1z7pfq | 9cof 

| 1eo3 | 72dc1r | lo9 | 4fu411 | 8snl | fiw2z6 | k21zg 
| q6kz5 | 38i21 | 9b25k6 
| q6kg | 0cdnu9t | pc7f | g7 
| 0cdj00 | 3ijg | np | 10w5 | 8epj62 | 0cd00k | 3np 

| 5fx | 5ezj46 | 5e6am | 50g6f | 558hf | 55th64 | 558i 
| 1d0up | 55am5q | 3j3 | 
38s6 | 56qp | qxa1t | 4i8 
| 11et | ki0 | 021 | 22ceh | 0cdp3 | nww5 | po7pr 
| ph0 
| 5s6x5a | 5s6xzl | pofg | 56f7j | 5s6xiw1 | ft12 
| 9h1m8 | wa2 | otm30 | 0cde0 | 
5jll8 | 0cdxl46 | a2u 
| 0cd6z | 1r1 | 6a22 | 4aew2 | f58 | z16zu5 | 55rp 
| 5643fg 
| 0cdp | 56np5 | 10wg50 | psx | pi75 | 21zk1 
| 1rk16 | 4ph6 | pcq | 562z8 | 5wf | 
0cdx | 5p10 
| 9qhm9 | k6r2j | eyk | ey6 | p46y | k6r2n | 975e6v 
| 56q | pin2 | 0cdd | 0cdp | 5jl8i | 0x6q1 | 5aa 

| zr9g | zrii6 | 55dcz | 55w5e | i1n2 | 5e3g | 55a2z4 
| rnm6 | 55l4k | f9i2 | 2s 
| 55zag | 12l9 | zr7p 
| 3b38d | z3 | 55a29q | zr5z | 250c2a | 5eq3k | 55dz 
| 5550e7 
| 5550bk | 55z4sg | 5e1 | 5kp | e4k | 21zg 
| 3z8 | 0gc8 | 1d29 | 55arf | 5kac | 50x3gz 
| 55z43ar 
| 55ar3e | 55zxaj | 2b5g | 55zxa4 | zrj164 | 5kv5 | es2 
| 55zkr | 55af72 
| 55dz | cwa2o4 | 55zkr | 2z6 | 12ca 
| ewl | 55zk7h | 58g4g9 | 55zk7p | 2r6211 | 
58g4gj64 | 8gw 
| 55sa | 1djxg | 12c64no | 12c6k75 | 55dz | 12cm | 3zp 
| 12c6u | 
5597p6 | 5eq5 | 8gw6 | 55zz3g9 | 55zz | 55z4a 
| 55a2w | 4w7 | 555nf0 | 3s6 | 55af041 
| 3nmf | 16xl 
| 16xa | 5z | 5583bd6 | 51p | 5nk | 55se8 | e 
| kc1 | 55f0x | nj0 
| 3969t1 | 55azcp | efz6 | 83g58 
| 55a2j | 55zz96 | zrg | 55zn | 58g4gjs | 55af0x 
| 555i 
| 43uu | 34kp5hn | 34k646z | 34k9q | 34ki2 | 34k6q5h | 51i 
| njm7 | 3za | 
6av | 34kg3 | y12 | ie | 30v7q | 34pw3g | 6apw6 | uumz | a96v 
| xs | 30vh | 34kd2d 
| xfm | 34kp3s | 34k996 | 34k41 
| 34kz2 | 34k3q5 | 555z2u10 | 55n56 | 34k6f | 34k3om 
| 34km4g 
| 4wm5 | 34k7p2 | 5pmzkk | 5pm5z7 | fc6 | 0g72 | 41dtb 
| 34k0o2 | xf55 
| fnl7 | nps | 5l5 | rp2 | 2b8g1 
| etz | 6c | uu0m | 8g4g7 | pw30 | rgc | 2jl12 

| 34k50 | 5f11x | eyqv8 | uueq | 501z | rsn5 | 34k2p7 
| frp3 | 34kz41 | rwcq91 | 
a51 | 34k3p1 | c6n0z0 | 2t3 
| 0th | qk | 2p0 | 1nk | 2pq | 2p1 | j6u 
| 2j2vzn | 
55z8e | 3f51 | 5dg91 | 34ka | 5eqg | 34knln4 
| 5fph | ab64 | em | 34ki0 | 34k97d 
| c5i1 | 34k91q 
| 34kp2 | epmz | 4fzh | j9g | uuxfm | 34kcb4 | 34ktq 
| 55z34 | 34kx 
| uu1a | q9a9 | zr3x3 | 2ls2 | 34k001 
| 34kz0 | 34kzz6 | r6y8p | 1dp00e | 22ot5 | 
55lv | 1dp0w2 
| 1dpr | 5kx | nc9 | 6uu22v | e8qj0 | 6f29h | 1dptn 
| 6uup | 1dpi 
| eaw1 | 55l5k | 55afi6 | 55nf1 | 58a8 
| 299 | 5fux | ra6x | 55z3y6 | 5kpw6t | 55zug2 
| god 
| 6f3f8 | 51q8k | 1dp56 | zrx1 | 5r1e4 | 5rp29 | 55z4n 
| g7 | f99i | 55z2tj 
| 5eqw | 55pg5 | i4g | 50xjm104 
| c1z2x0 | 5110n | 55z7i0 | 55za0q2 | ftj | 5fs3 
| 55p5hz5 
| 512h1 | rm2 | 6fmr | rpj51u | 5p0q | 5kpw6n4 | k10z 
| cpz7 | 5kpw7o 
| 55afqi | 5kr1e | n6 | 4ex95 | iup 
| 55a4zr | iu0u | 38d | 6gh | ce8p | 1djx7 | 
c91z 
| z7p9 | rp2kz | 4zks | p2k3 | 50vf | 22n | 5fgz8 
| 5fg3lp | 55p5h5 | 6f5di7 
| f2o5 | fb6j91 | 50xwd | 5kn 
| 1d16f | ei8o0 | 1dp6m | 55znk | 1dp4gj | 55w1r | 
555ji0 
| 5p6k1k | 5koj | 55p83 | 55z38p | 55zn3 | 1do7e5 | mft 
| 555a9 | n9c | 91kn 
| qj9 | 2f9i | r3w | qj 
| 8s43 | zl | qx1r00 | 512on | ci | pt04 | 5kr4 
| 5pa | 
isy9 | 5zjn | 7z | 3j5n | 2p6 | 55l56k 
| 1d75u1 | f72om | 16xfg | rp0gn | c2rt | 
16x9f | mf0o8 
| 1rz | 55aqt5q | 1dp7 | 0o9s | mf | 5e6q | 55k8 
| 50xk | 46ys2 | 
5h1b4 | 16xf | 55ah0 | 9cb | 16xqb 
| efg | 4k8 | r3a995 | jr5z | 8hg1 | 2f0 | 55dcq8 

| 55za64 | 5550bb9 | 3tp0 | 5e1t | 16xg | 5i0 | 16xnm 
| 2f38 | 0gizd | 562 | 3430 
| 8hg2 | 2pa6 | i1rs 
| mj2 | 58gn4 | 3g3s | 51f7 | mqb1 | mfgo | xf6 
| 16x16 | ev3 
| e4kz | n46 | a5 | 3f6 | 5pr 
| 5kwa | 2f | 5f8g6 | m95z | ei8 | 5rle | 55p5h3b1 

| 62z43 | 2g2 | 6c2 | 46 | po5q3v2 | 5z6r4 | 55zn2 
| r3x | xf2 | 55z43f1 | pog45i 
| 55zs16 | 55z43q1 | 59ae2 
| 55in | 5sf5 | 55j29 | ko010 | knt | lt72 | 21z4 
| 0e 
| 558h3 | 0xkw | me5j | e8ut | 29l5m | ibd 
| 55af29 | 555au7 | 0x31 | 3b3po7 | 55an7z4 
| 55a29r | 4exf 
| 3po | 555nh | 4w | 55alcz | f3c | 83g12 | eini | ei562 | 55pgt 
| 55zfq | 
5122a | 8sd95 | 55w511 | 5p6k62 | 55azc2f | 55znoc9 | 4wmc 
| 55znz2 | 
5kp9 | 55anf | 55z2z4 | e9r | epyf | 3b3c 
| 55w50g5 | 55lqb3 | 55zafl | 55pn2z | 
55alc7z | 5k830 | 511d 
| 55z9ro1 | p1da | 50xcx | 5e02 | 4b9 | c2ru | 555wp 
| 3z01 
| ei1z1 | 34kn2 | jp | mfp | 12cnmd | 12c6j0y 
| 5kd8r | 55af2sr | 5e6q | 55af5d | 
nxs | 31b4 | 1ri 
| f2o9t | 0g4b1x | 55u0m | cw8j7 | 5ph6r01 | gc7s | 559j 
| 51r2h 
| 55z4ph | 55u00c | gce | 5rp7d | 34k31 | 55nf 
| 51r8o | 51rn6 | 55kr8n | 5ea | ff0z3 
| uu0x | zu0 
| f83o0s | 5rpz | fsf | c2r299 | fiq | e10 | 55z89rg 
| 0kc4 | 555ae 
| 550koo5 | 55af72d9 | 55z3yz | 1p9 | 1a5r 
| 55z4p51u6 | f0xe1 | 55p34w | 55z4pb9 
| 55nn | 55pxq | w95 
| 55iq8 | 55z43m4 | 22c21 | 55a4t0 | xfj | 0o9j | 56f0 
| 55a4g0 | 5p38 | 5p5 | 55z4 | 55fu8 | 5i0yg 
| c2cu564 
| c2cuk | c9o | 2lf | w8s6 | w8q01 | 55am7 | 6t912 
| 0kf | wzt4 | 6lsa 
| me83 | 5eq2a | zr2z | r9p 
| 5kpw1z3 | 0ki | 0kpr | 55z4p5r | c9z | 16kh | pw0f 

| 1dpp | 55afiw | tgu6 | 551r5 | 55auu7h | 5fnu3 | ea8k 
| 5fa5 | 555a23 | 55w50g 
| 5rpo | qxax3 | 002k | 5ol9 
| 0xkp1 | 0xkcr | 1dgo7 | 0xk64g7 | 5ll | im7 | 6tbk7 

| 3rt | m7l | wcs | 2p11o | 558h | 0g6 | 3pn 
| 16f8 | 0xk96h | 55akq3 | 0xkzt9 | 
0xk99 | 0xk2f | jgz 
| 00z3 | 5lb | 5rp9k | mg | 8h5z5 | w8b | kg297 
| 1d1k3 | 2fe 
| 5lj | 0xk0q | i29 | 6ux31 | ke 
| 8su8 | 22c41d | fh7 | 8suf | 55o4 | poq | p0l5 

| 0gikb | 1joi | gg | t1c8 | z0m | 1q41 | 12nl 
| ea | 1291k5 | 55wkn2a | rn | 83om 
| 5d8 | 0xkeh0 
| 22cz3 | pp | 11d5 | h0f | kg2x | 0xkea9 | 0xkt 
| k831 | ra5 | 64g 
| 0xkm7l5 | 1d6m3h | 5r | 5tbk4 
| phzs411 | 58q6k9 | kmn | 21z1z2 | 5s2g | k8q | 
0xkb 
| ltx | 0xk0h | kel | p5k | 5fv4 | i3 | 7bf 
| 5eig | fw1 | 10w | 0xkg | k83t0 
| 55j2z | kip 
| 55zjps | 555n0z | 5550h | q3f | 22c1e | alo | 55zj9f 
| 55a4wajn 
| 55ah01e2 | 55ag58 | 58gxp | 55z3z5 | 55a22 | 58guj 
| 58g4at | 8s6f4 | 6fi2 | 0xk3x 
| 1y99p | 58gtz | 55z7t 
| 55a2e | zrd | 3bc5z | 55aj3 | 5k7y3 | 55z5 | 58g1o 
| 1au 
| 16f | 5ak | 5f0xnk | 55ak7r3 | 58gz5 | 5f58 
| 1dio9 | 55u7v2 | i1nn | 55z6tm | 
go2 | f3c0n | 55akr46 
| 5phi5 | 58gk | 58gz2s | zrm8 | 58g1wi4 | kc7o2 | 5rpn63p 

| 55w5z | go9g | 59b34v | 55au5 | 58g1p83 | 8s6f5 | 58u1x 
| e4kk1 | ef0y6 | 72dim02 
| ca | g6f | 6mz | 333 
| 9g | 5kz9z | z5 | 55aj0 | 55nf129 | 55n6xs | 555nn3 
| 55u0z 
| 8s10qz | 51df | 2p1u | 11r51 | z4pna | 58g6y56 
| 3b9ib | z4pnn | 8s4w2 | gopm1 
| cpt | 3b9i58ha | 83gx | 5kp8g8 | 1d1bt0 | 8s10qr | 5kp58h 
| 9q8 | s31 | km2 | 4n 
| 1dprp | 50x3g9 | nl121 
| 1spm4 | 1po30 | 5k6rt | 55z7p2 | 55atn55 | 5phe5 | 830 

| 55k4r8 | 55a296m | 1ss5 | 12s3 | 58g46y6 | 55sw0 | 55azq 
| 8sdl | gowo | 10v4 
| 58gsj | 55atn55 | 50g2o7 | eij*')

                                    
        
                              OPTION ranker=expr('sum(min_best_span_pos)'),max_matches=5010
--- request dump end ---
--- local index:s2
Manticore 6.0.4 1a3a4ea82@230314
Handling signal 11
-------------- backtrace begins here ---------------
Program compiled with Clang 15.0.4
Configured with flags: Configured with these definitions: -DDISTR_BUILD=bullseye -DUSE_SYSLOG=1 -DWITH_GALERA=1 -DWITH_RE2=1 -DWITH_RE2_FORCE_STATIC=1 -DWITH_STEMMER=1 -DWITH_STEMMER_FORCE_STATIC=1 -DWITH_ICU=1 -DWITH_ICU_FORCE_STATIC=1 -DWITH_SSL=1 -DWITH_ZLIB=1 -DWITH_ZSTD=1 -DDL_ZSTD=1 -DZSTD_LIB=libzstd.so.1 -DWITH_CURL=1 -DDL_CURL=1 -DCURL_LIB=libcurl.so.4 -DWITH_ODBC=1 -DDL_ODBC=1 -DODBC_LIB=libodbc.so.2 -DWITH_EXPAT=1 -DDL_EXPAT=1 -DEXPAT_LIB=libexpat.so.1 -DWITH_ICONV=1 -DWITH_MYSQL=1 -DDL_MYSQL=1 -DMYSQL_LIB=libmariadb.so.3 -DWITH_POSTGRESQL=1 -DDL_POSTGRESQL=1 -DPOSTGRESQL_LIB=libpq.so.5 -DLOCALDATADIR=/var/lib/manticore/data -DFULL_SHARE_DIR=/usr/share/manticore
Built on Linux x86_64 (bullseye) (cross-compiled)
Stack bottom = 0x7fbfb8509db0, thread stack size = 0x167900
Trying manual backtrace:
Something wrong with thread stack, manual backtrace may be incorrect (fp=0x1)
Wrong stack limit or frame pointer, manual backtrace failed (fp=0x1, stack=0x7fbfb8510000, stacksize=0x167900)
Trying system backtrace:
begin of system symbols:
/usr/bin/searchd(_Z12sphBacktraceib+0x22a)[0x559f5136f74a]
/usr/bin/searchd(_ZN11CrashLogger11HandleCrashEi+0x355)[0x559f51232cf5]
/lib/x86_64-linux-gnu/libpthread.so.0(+0x13140)[0x7fbfd2316140]
/usr/bin/searchd(_ZN19RankerState_Expr_fnILb1ELb1EE11PackFactorsEv+0x6c)[0x559f515f287c]
/usr/bin/searchd(_ZN19RankerState_Expr_fnILb1ELb1EE8FinalizeERK9CSphMatch+0x95)[0x559f515f1c65]
/usr/bin/searchd(_ZN17ExtRanker_State_TI19RankerState_Expr_fnILb1ELb1EELb1EE10GetMatchesEv+0x4c6)[0x559f515f06c6]
/usr/bin/searchd(+0xbfaf76)[0x559f51639f76]
/usr/bin/searchd(+0xbfb2fd)[0x559f5163a2fd]
/usr/bin/searchd(_ZZN7Threads11CoRoutine_c13CreateContextESt8functionIFvvEE11VecTraits_TIhEENUlN5boost7context6detail10transfer_tEE_8__invokeES9_+0x1c)[0x559f51b3b96c]
/usr/bin/searchd(make_fcontext+0x2f)[0x559f51b5a68f]
Trying boost backtrace:
 0# sphBacktrace(int, bool) in /usr/bin/searchd
 1# CrashLogger::HandleCrash(int) in /usr/bin/searchd
 2# 0x00007FBFD2316140 in /lib/x86_64-linux-gnu/libpthread.so.0
 3# RankerState_Expr_fn<true, true>::PackFactors() in /usr/bin/searchd
 4# RankerState_Expr_fn<true, true>::Finalize(CSphMatch const&) in /usr/bin/searchd
 5# ExtRanker_State_T<RankerState_Expr_fn<true, true>, true>::GetMatches() in /usr/bin/searchd
 6# 0x0000559F51639F76 in /usr/bin/searchd
 7# 0x0000559F5163A2FD in /usr/bin/searchd
 8# Threads::CoRoutine_c::CreateContext(std::function<void ()>, VecTraits_T<unsigned char>)::{lambda(boost::context::detail::transfer_t)#1}::__invoke(boost::context::detail::transfer_t) in /usr/bin/searchd
 9# make_fcontext in /usr/bin/searchd

-------------- backtrace ends here ---------------
Please, create a bug report in our bug tracker (https://github.com/manticoresoftware/manticore/issues)
and attach there:
a) searchd log, b) searchd binary, c) searchd symbols.
Look into the chapter 'Reporting bugs' in the manual
(https://manual.manticoresearch.com/Reporting_bugs)
Dump with GDB via watchdog
--- active threads ---
thd 0 (work_5), proto mysql, state query, command select
--- Totally 2 threads, and 1 client-working threads ---
------- CRASH DUMP END -------
[Sat Mar 18 21:14:54.593 2023] [114150] watchdog: main process 114151 crashed via CRASH_EXIT (exit code 2), will be restarted
[Sat Mar 18 21:14:54.593 2023] [114150] watchdog: main process 114227 forked ok
[Sat Mar 18 21:14:54.598 2023] [114227] starting daemon version '6.0.4 1a3a4ea82@230314' ...
[Sat Mar 18 21:14:54.598 2023] [114227] listening on all interfaces for mysql, port=9306
[Sat Mar 18 21:14:54.616 2023] [114244] binlog: replaying log /var/lib/manticore/binlog.001
[Sat Mar 18 21:14:54.775 2023] [114288] binlog: table s2: recovered from tid 0 to tid 676
[Sat Mar 18 21:14:54.775 2023] [114288] binlog: replay stats: 676 commits; 0 updates, 0 reconfigure; 0 pq-add; 0 pq-delete; 0 pq-add-delete, 1 tables
[Sat Mar 18 21:14:54.775 2023] [114288] binlog: finished replaying /var/lib/manticore/binlog.001; 2.1 MB in 0.159 sec
[Sat Mar 18 21:14:54.775 2023] [114288] binlog: finished replaying total 1 in 0.159 sec
[Sat Mar 18 21:14:54.777 2023] [114270] prereading 2 tables
[Sat Mar 18 21:14:54.777 2023] [114270] preread 2 tables in 0.000 sec
[Sat Mar 18 21:14:54.777 2023] [114227] WARNING: [BUDDY] no manticore-buddy found at '/usr/share/manticore/modules/manticore-buddy', disabled
[Sat Mar 18 21:14:54.777 2023] [114227] accepting connections
[Sat Mar 18 21:14:54.777 2023] [114227] log reopened
[Sat Mar 18 21:14:54.777 2023] [114227] query log reopened
