[Wed Feb  8 16:37:33.902 2023] [5684] [BUDDY] New connection from tcp://127.0.0.1:54733
[Wed Feb  8 16:37:33.903 2023] [5684] [BUDDY] [1] request data: {"type":"unknown sql request","error":"sphinxql: syntax error, unexpected $end near '(null)'","version":1,"message":{"path_query":"","body":"/*!40100 SET @@SQL_MODE='' */"}}
[Wed Feb  8 16:37:33.965 2023] [16716] [BUDDY] [33528µs] manticore request: SHOW SETTINGS
[Wed Feb  8 16:37:33.965 2023] [16716] [BUDDY] using config file = 'C:\dev\sphinx\build\m_dbg\src\Debug\c1.conf'
[Wed Feb  8 16:37:33.967 2023] [16716] [BUDDY] settings: {"configurationFile":"C:\\dev\\sphinx\\build\\m_dbg\\src\\Debug\\c1.conf","workerPid":7600,"searchdAutoSchema":true,"searchdListen":"9308:http","searchdLog":"C:\\dev\\sphinx\\build\\m_dbg\\src\\Debug\/searchd.log","searchdQueryLog":"C:\\dev\\sphinx\\build\\m_dbg\\src\\Debug\/query.log","searchdPidFile":"C:\\dev\\sphinx\\build\\m_dbg\\src\\Debug\/searchd.pid","searchdDataDir":"C:\\dev\\sphinx\\build\\m_dbg\\src\\Debug\/data","searchdQueryLogFormat":"sphinxql","searchdBuddyPath":"C:\\dev\\sphinx\\build\\m_dbg\\src\\Debug\\manticore-executor\\manticore-executor.exe C:\\dev\\sphinx\\manticoresearch-buddy\\src\\main.php --debug","searchdBinlogPath":null,"commonPluginDir":"C:\\dev\\sphinx\\test\\ivinco\\blended\\x64\\Debug\\","commonLemmatizerBase":"C:\\dev\\sphinx\\aot"}
[Wed Feb  8 16:37:33.968 2023] [16716] [BUDDY] [1] Executor: EmptyQuery
[Wed Feb  8 16:37:33.994 2023] [12640] [BUDDY] [1] Command request: EmptyQuery\Request {"endpoint":"sql?mode=raw"}
[Wed Feb  8 16:37:34.009 2023] [17376] [BUDDY] [1] response data: {"version":1,"type":"sql response","message":[{"total":0,"error":"","warning":""}],"error":""}
[Wed Feb  8 16:37:34.009 2023] [17376] [BUDDY] [1] process time: 90051µs
[Wed Feb  8 16:37:34.010 2023] [17376] [BUDDY] [1] request data: {"type":"unknown sql request","error":"sphinxql: syntax error, unexpected $end near '(null)'","version":1,"message":{"path_query":"","body":"/*!40103 SET TIME_ZONE='+00:00' */"}}
[Wed Feb  8 16:37:34.010 2023] [17376] [BUDDY] [1] Executor: EmptyQuery
[Wed Feb  8 16:37:34.014 2023] [17376] [BUDDY] [1] Command request: EmptyQuery\Request {"endpoint":"sql?mode=raw"}
[Wed Feb  8 16:37:34.015 2023] [17376] [BUDDY] [1] response data: {"version":1,"type":"sql response","message":[{"total":0,"error":"","warning":""}],"error":""}
[Wed Feb  8 16:37:34.016 2023] [17376] [BUDDY] [1] process time: 9758µs
[Wed Feb  8 16:37:34.017 2023] [17376] [BUDDY] [1] request data: {"type":"unknown sql request","error":"sphinxql: syntax error, unexpected SELECT, expecting integer or string or '-' near 'SELECT DISTINCT LOGFILE_GROUP_NAME FROM INFORMATION_SCHEMA.FILES WHERE FILE_TYPE = 'DATAFILE' AND TABLESPACE_NAME IN (SELECT DISTINCT TABLESPACE_NAME FROM INFORMATION_SCHEMA.PARTITIONS WHERE TABLE_SCHEMA='Manticore' AND TABLE_NAME IN ('t'))) GROUP BY LOGFILE_GROUP_NAME, FILE_NAME, ENGINE, TOTAL_EXTENTS, INITIAL_SIZE ORDER BY LOGFILE_GROUP_NAME'","version":1,"message":{"path_query":"","body":"SELECT LOGFILE_GROUP_NAME, FILE_NAME, TOTAL_EXTENTS, INITIAL_SIZE, ENGINE, EXTRA FROM INFORMATION_SCHEMA.FILES WHERE FILE_TYPE = 'UNDO LOG' AND FILE_NAME IS NOT NULL AND LOGFILE_GROUP_NAME IS NOT NULL AND LOGFILE_GROUP_NAME IN (SELECT DISTINCT LOGFILE_GROUP_NAME FROM INFORMATION_SCHEMA.FILES WHERE FILE_TYPE = 'DATAFILE' AND TABLESPACE_NAME IN (SELECT DISTINCT TABLESPACE_NAME FROM INFORMATION_SCHEMA.PARTITIONS WHERE TABLE_SCHEMA='Man
[Wed Feb  8 16:37:34.017 2023] [17376] [BUDDY] [1] Executor: Select
[Wed Feb  8 16:37:34.040 2023] [5684] [BUDDY] [1] Command request: Select\Request {"endpoint":"sql?mode=raw","table":"information_schema.files","fields":["LOGFILE_GROUP_NAME","FILE_NAME","TOTAL_EXTENTS","INITIAL_SIZE","ENGINE","EXTRA"],"where":{"FILE_TYPE":{"operator":"=","value":"DATAFILE"},"TABLE_SCHEMA":{"operator":"=","value":"Manticore"}}}
[Wed Feb  8 16:37:34.055 2023] [12668] [BUDDY] [1] response data: {"version":1,"type":"sql response","message":[{"total":0,"warning":"","error":"","columns":[{"LOGFILE_GROUP_NAME":{"type":"string"}},{"FILE_NAME":{"type":"string"}},{"TOTAL_EXTENTS":{"type":"string"}},{"INITIAL_SIZE":{"type":"string"}},{"ENGINE":{"type":"string"}},{"EXTRA":{"type":"string"}}]}],"error":""}
[Wed Feb  8 16:37:34.070 2023] [15780] [BUDDY] [1] process time: 38900µs
[Wed Feb  8 16:37:34.072 2023] [15780] [BUDDY] [1] request data: {"type":"unknown sql request","error":"sphinxql: syntax error, unexpected DISTINCT near 'DISTINCT TABLESPACE_NAME, FILE_NAME, LOGFILE_GROUP_NAME, EXTENT_SIZE, INITIAL_SIZE, ENGINE FROM INFORMATION_SCHEMA.FILES WHERE FILE_TYPE = 'DATAFILE' AND TABLESPACE_NAME IN (SELECT DISTINCT TABLESPACE_NAME FROM INFORMATION_SCHEMA.PARTITIONS WHERE TABLE_SCHEMA='Manticore' AND TABLE_NAME IN ('t')) ORDER BY TABLESPACE_NAME, LOGFILE_GROUP_NAME'","version":1,"message":{"path_query":"","body":"SELECT DISTINCT TABLESPACE_NAME, FILE_NAME, LOGFILE_GROUP_NAME, EXTENT_SIZE, INITIAL_SIZE, ENGINE FROM INFORMATION_SCHEMA.FILES WHERE FILE_TYPE = 'DATAFILE' AND TABLESPACE_NAME IN (SELECT DISTINCT TABLESPACE_NAME FROM INFORMATION_SCHEMA.PARTITIONS WHERE TABLE_SCHEMA='Manticore' AND TABLE_NAME IN ('t')) ORDER BY TABLESPACE_NAME, LOGFILE_GROUP_NAME"}}
[Wed Feb  8 16:37:34.072 2023] [15780] [BUDDY] [1] Executor: Select
[Wed Feb  8 16:37:34.073 2023] [15780] [BUDDY] [1] Command request: Select\Request {"endpoint":"sql?mode=raw","table":"information_schema.files","fields":["DISTINCT","TABLESPACE_NAME","FILE_NAME","LOGFILE_GROUP_NAME","EXTENT_SIZE","INITIAL_SIZE","ENGINE"],"where":{"FILE_TYPE":{"operator":"=","value":"DATAFILE"},"TABLE_SCHEMA":{"operator":"=","value":"Manticore"}}}
[Wed Feb  8 16:37:34.073 2023] [15780] [BUDDY] [1] response data: {"version":1,"type":"sql response","message":[{"total":0,"warning":"","error":"","columns":[{"DISTINCT":{"type":"string"}},{"TABLESPACE_NAME":{"type":"string"}},{"FILE_NAME":{"type":"string"}},{"LOGFILE_GROUP_NAME":{"type":"string"}},{"EXTENT_SIZE":{"type":"string"}},{"INITIAL_SIZE":{"type":"string"}},{"ENGINE":{"type":"string"}}]}],"error":""}
[Wed Feb  8 16:37:34.074 2023] [15780] [BUDDY] [1] process time: 12199µs
[Wed Feb  8 16:37:34.075 2023] [15780] [BUDDY] [1] request data: {"type":"unknown sql request","error":"sphinxql: syntax error, unexpected identifier near 'LOCK TABLES `t` READ /*!32311 LOCAL */'","version":1,"message":{"path_query":"","body":"LOCK TABLES `t` READ /*!32311 LOCAL */"}}
[Wed Feb  8 16:37:34.075 2023] [15780] [BUDDY] [1] Executor: LockTables
[Wed Feb  8 16:37:34.128 2023] [5684] [BUDDY] [1] Command request: LockTables\Request {"endpoint":"sql?mode=raw","tables":[]}
[Wed Feb  8 16:37:34.155 2023] [12668] [BUDDY] [29379µs] manticore request: SHOW TABLES
[Wed Feb  8 16:37:34.211 2023] [12640] [BUDDY] [53778µs] manticore request: FREEZE pip;FREEZE products;FREEZE t;FREEZE t1;FREEZE t21;FREEZE t3;FREEZE t4;FREEZE t5;FREEZE t51;FREEZE t53
[Wed Feb  8 16:37:34.211 2023] [12640] [BUDDY] [1] response data: {"version":1,"type":"sql response","message":[{"total":10,"error":"","warning":""}],"error":""}
[Wed Feb  8 16:37:34.216 2023] [12640] [BUDDY] [1] process time: 121124µs
[Wed Feb  8 16:37:34.217 2023] [12640] [BUDDY] [1] request data: {"type":"unknown sql request","error":"Unknown session variable 'sql_quote_show_create' in SET statement","version":1,"message":{"path_query":"","body":"SET SQL_QUOTE_SHOW_CREATE=1"}}
[Wed Feb  8 16:37:34.218 2023] [12640] [BUDDY] [1] Executor: EmptyQuery
[Wed Feb  8 16:37:34.219 2023] [12640] [BUDDY] [1] Command request: EmptyQuery\Request {"endpoint":"sql?mode=raw"}
[Wed Feb  8 16:37:34.241 2023] [5684] [BUDDY] [1] response data: {"version":1,"type":"sql response","message":[{"total":0,"error":"","warning":""}],"error":""}
[Wed Feb  8 16:37:34.241 2023] [5684] [BUDDY] [1] process time: 10215µs
[Wed Feb  8 16:37:34.243 2023] [5684] [BUDDY] [1] request data: {"type":"unknown sql request","error":"sphinxql: syntax error, unexpected identifier, expecting '=' near 'character_set_results = 'binary''","version":1,"message":{"path_query":"","body":"SET SESSION character_set_results = 'binary'"}}
[Wed Feb  8 16:37:34.243 2023] [5684] [BUDDY] [1] Executor: EmptyQuery
[Wed Feb  8 16:37:34.244 2023] [5684] [BUDDY] [1] Command request: EmptyQuery\Request {"endpoint":"sql?mode=raw"}
[Wed Feb  8 16:37:34.245 2023] [5684] [BUDDY] [1] response data: {"version":1,"type":"sql response","message":[{"total":0,"error":"","warning":""}],"error":""}
[Wed Feb  8 16:37:34.245 2023] [5684] [BUDDY] [1] process time: 13019µs
[Wed Feb  8 16:37:34.246 2023] [5684] [BUDDY] [1] request data: {"type":"unknown sql request","error":"sphinxql: syntax error, unexpected identifier, expecting '=' near 'character_set_results = 'utf8''","version":1,"message":{"path_query":"","body":"SET SESSION character_set_results = 'utf8'"}}
[Wed Feb  8 16:37:34.247 2023] [5684] [BUDDY] [1] Executor: EmptyQuery
[Wed Feb  8 16:37:34.247 2023] [5684] [BUDDY] [1] Command request: EmptyQuery\Request {"endpoint":"sql?mode=raw"}
[Wed Feb  8 16:37:34.272 2023] [12640] [BUDDY] [1] response data: {"version":1,"type":"sql response","message":[{"total":0,"error":"","warning":""}],"error":""}
[Wed Feb  8 16:37:34.274 2023] [12640] [BUDDY] [1] process time: 12370µs
[Wed Feb  8 16:37:34.278 2023] [12640] [BUDDY] [1] request data: {"type":"unknown sql request","error":"sphinxql: syntax error, unexpected identifier, expecting VARIABLES near 'fields from `t`'","version":1,"message":{"path_query":"","body":"show fields from `t`"}}
[Wed Feb  8 16:37:34.278 2023] [12640] [BUDDY] [1] Executor: ShowFields
[Wed Feb  8 16:37:34.279 2023] [12640] [BUDDY] [1] Command request: ShowFields\Request {"endpoint":"sql?mode=raw","table":"t"}
[Wed Feb  8 16:37:34.352 2023] [12668] [BUDDY] [31839µs] manticore request: desc t
[Wed Feb  8 16:37:34.352 2023] [12668] [BUDDY] [1] response data: {"version":1,"type":"sql response","message":[{"total":2,"error":"","warning":"","columns":[{"Field":{"type":"string"},"Type":{"type":"string"},"Null":{"type":"string"},"Key":{"type":"string"},"Default":{"type":"string"},"Extra":{"type":"string"}}],"data":[{"Field":"id","Type":"bigint","Null":"NO","Key":"","Default":"","Extra":""},{"Field":"f","Type":"text","Null":"NO","Key":"","Default":"","Extra":""}]}],"error":""}
[Wed Feb  8 16:37:34.354 2023] [12668] [BUDDY] [1] process time: 74017µs
[Wed Feb  8 16:37:34.395 2023] [12668] [BUDDY] [1] request data: {"type":"unknown sql request","error":"sphinxql: syntax error, unexpected identifier, expecting VARIABLES near 'fields from `t`'","version":1,"message":{"path_query":"","body":"show fields from `t`"}}
[Wed Feb  8 16:37:34.395 2023] [12668] [BUDDY] [1] Executor: ShowFields
[Wed Feb  8 16:37:34.422 2023] [12668] [BUDDY] [1] Command request: ShowFields\Request {"endpoint":"sql?mode=raw","table":"t"}
[Wed Feb  8 16:37:34.423 2023] [12668] [BUDDY] [42026µs] manticore request: desc t
[Wed Feb  8 16:37:34.642 2023] [15780] [BUDDY] [1] response data: {"version":1,"type":"sql response","message":[{"total":2,"error":"","warning":"","columns":[{"Field":{"type":"string"},"Type":{"type":"string"},"Null":{"type":"string"},"Key":{"type":"string"},"Default":{"type":"string"},"Extra":{"type":"string"}}],"data":[{"Field":"id","Type":"bigint","Null":"NO","Key":"","Default":"","Extra":""},{"Field":"f","Type":"text","Null":"NO","Key":"","Default":"","Extra":""}]}],"error":""}
[Wed Feb  8 16:37:34.644 2023] [15780] [BUDDY] [1] process time: 275878µs
[Wed Feb  8 16:37:34.647 2023] [15780] [BUDDY] [1] request data: {"type":"unknown sql request","error":"sphinxql: syntax error, unexpected identifier, expecting '=' near 'character_set_results = 'binary''","version":1,"message":{"path_query":"","body":"SET SESSION character_set_results = 'binary'"}}
[Wed Feb  8 16:37:34.648 2023] [15780] [BUDDY] [1] Executor: EmptyQuery
[Wed Feb  8 16:37:34.649 2023] [15780] [BUDDY] [1] Command request: EmptyQuery\Request {"endpoint":"sql?mode=raw"}
[Wed Feb  8 16:37:34.649 2023] [15780] [BUDDY] [1] response data: {"version":1,"type":"sql response","message":[{"total":0,"error":"","warning":""}],"error":""}
[Wed Feb  8 16:37:34.650 2023] [15780] [BUDDY] [1] process time: 8843µs
[Wed Feb  8 16:37:34.651 2023] [15780] [BUDDY] [1] request data: {"type":"unknown sql request","error":"sphinxql: syntax error, unexpected USE near 'use `Manticore`'","version":1,"message":{"path_query":"","body":"use `Manticore`"}}
[Wed Feb  8 16:37:34.673 2023] [17376] [BUDDY] [1] data parse error: Failed to handle query: use `Manticore`
[Wed Feb  8 16:37:34.675 2023] [17376] [BUDDY] [1] response data: {"version":1,"type":"sql response","message":[{"total":0,"warning":"","error":"sphinxql: syntax error, unexpected USE near 'use `Manticore`'"}],"error":"sphinxql: syntax error, unexpected USE near 'use `Manticore`'"}
[Wed Feb  8 16:37:34.679 2023] [17376] [BUDDY] [1] process time: 13263µs
[Wed Feb  8 16:37:53.246 2023] [17376] [BUDDY] memory usage: 2,841.063K
[Wed Feb  8 16:37:53.261 2023] [16716] [BUDDY] running 0 tasks
