[Thu Feb 20 18:37:12.282 2020] [1] listening on all interfaces, port=9306
[Thu Feb 20 18:37:12.282 2020] [1] listening on 172.19.0.6:9312
[Thu Feb 20 18:37:12.282 2020] [1] listening on all interfaces, port=9308
[Thu Feb 20 18:37:12.283 2020] [19] prereading 1 indexes
[Thu Feb 20 18:37:12.283 2020] [19] prereaded 1 indexes in 0.000 sec
[Thu Feb 20 18:37:12.283 2020] [1] accepting connections
[Thu Feb 20 18:37:32.231 2020] [1] caught SIGTERM, shutting down
[Thu Feb 20 18:37:32.284 2020] [1] shutdown complete
[Thu Feb 20 18:37:40.964 2020] [1] listening on all interfaces, port=9306
[Thu Feb 20 18:37:40.964 2020] [1] listening on 172.19.0.5:9312
[Thu Feb 20 18:37:40.964 2020] [1] listening on all interfaces, port=9308
[Thu Feb 20 18:37:40.965 2020] [1] accepting connections
[Thu Feb 20 18:37:40.965 2020] [49] prereading 1 indexes
[Thu Feb 20 18:37:40.965 2020] [49] prereaded 1 indexes in 0.000 sec
[Thu Feb 20 18:43:20.672 2020] [1] caught SIGTERM, shutting down
[Thu Feb 20 18:43:20.724 2020] [1] shutdown complete
[Fri Feb 21 10:30:48.102 2020] [1] listening on all interfaces, port=9306
[Fri Feb 21 10:30:48.102 2020] [1] listening on 172.19.0.5:9312
[Fri Feb 21 10:30:48.102 2020] [1] listening on all interfaces, port=9308
[Fri Feb 21 10:30:48.107 2020] [19] prereading 1 indexes
[Fri Feb 21 10:30:48.107 2020] [19] prereaded 1 indexes in 0.000 sec
[Fri Feb 21 10:30:48.129 2020] [1] accepting connections
[Fri Feb 21 12:44:11.490 2020] [1] caught SIGTERM, shutting down
[Fri Feb 21 12:44:11.604 2020] [1] shutdown complete
[Fri Feb 21 13:30:45.731 2020] [1] listening on all interfaces, port=9306
[Fri Feb 21 13:30:45.731 2020] [1] listening on 172.18.0.6:9312
[Fri Feb 21 13:30:45.731 2020] [1] listening on all interfaces, port=9308
[Fri Feb 21 13:30:45.732 2020] [20] prereading 1 indexes
[Fri Feb 21 13:30:45.732 2020] [20] prereaded 1 indexes in 0.000 sec
[Fri Feb 21 13:30:45.732 2020] [1] accepting connections
[Fri Feb 21 14:23:58.591 2020] [1] caught SIGTERM, shutting down
[Fri Feb 21 14:23:58.646 2020] [1] shutdown complete
[Fri Feb 21 14:24:14.562 2020] [1] listening on all interfaces, port=9306
[Fri Feb 21 14:24:14.562 2020] [1] listening on 172.18.0.5:9312
[Fri Feb 21 14:24:14.562 2020] [1] listening on all interfaces, port=9308
[Fri Feb 21 14:24:14.563 2020] [19] prereading 1 indexes
[Fri Feb 21 14:24:14.563 2020] [1] accepting connections
[Fri Feb 21 14:24:14.563 2020] [19] prereaded 1 indexes in 0.000 sec
[Fri Feb 21 14:26:34.253 2020] [1] caught SIGTERM, shutting down
[Fri Feb 21 14:26:34.305 2020] [1] shutdown complete
[Fri Feb 21 14:26:49.851 2020] [1] listening on all interfaces, port=9306
[Fri Feb 21 14:26:49.851 2020] [1] listening on 172.18.0.2:9312
[Fri Feb 21 14:26:49.851 2020] [1] listening on all interfaces, port=9308
[Fri Feb 21 14:26:49.853 2020] [19] prereading 1 indexes
[Fri Feb 21 14:26:49.853 2020] [19] prereaded 1 indexes in 0.000 sec
[Fri Feb 21 14:26:49.853 2020] [1] accepting connections
[Fri Feb 21 14:27:00.106 2020] [1] caught SIGTERM, shutting down
[Fri Feb 21 14:27:00.158 2020] [1] shutdown complete
[Fri Feb 21 14:27:06.502 2020] [1] listening on all interfaces, port=9306
[Fri Feb 21 14:27:06.502 2020] [1] listening on 172.18.0.4:9312
[Fri Feb 21 14:27:06.502 2020] [1] listening on all interfaces, port=9308
[Fri Feb 21 14:27:06.503 2020] [18] prereading 1 indexes
[Fri Feb 21 14:27:06.503 2020] [18] prereaded 1 indexes in 0.000 sec
[Fri Feb 21 14:27:06.503 2020] [1] accepting connections
[Fri Feb 21 14:27:36.359 2020] [1] caught SIGTERM, shutting down
[Fri Feb 21 14:27:36.410 2020] [1] shutdown complete
[Fri Feb 21 14:30:44.922 2020] [1] listening on all interfaces, port=9306
[Fri Feb 21 14:30:44.922 2020] [1] listening on 172.19.0.2:9312
[Fri Feb 21 14:30:44.922 2020] [1] listening on all interfaces, port=9308
[Fri Feb 21 14:30:44.923 2020] [1] accepting connections
[Fri Feb 21 14:30:44.923 2020] [20] prereading 1 indexes
[Fri Feb 21 14:30:44.923 2020] [20] prereaded 1 indexes in 0.000 sec
[Fri Feb 21 14:32:23.239 2020] [1] caught SIGTERM, shutting down
[Fri Feb 21 14:32:23.293 2020] [1] shutdown complete
[Fri Feb 21 14:32:38.856 2020] [1] listening on all interfaces, port=9306
[Fri Feb 21 14:32:38.856 2020] [1] listening on 172.19.0.3:9312
[Fri Feb 21 14:32:38.856 2020] [1] listening on all interfaces, port=9308
[Fri Feb 21 14:32:38.857 2020] [1] accepting connections
[Fri Feb 21 14:32:38.858 2020] [19] prereading 1 indexes
[Fri Feb 21 14:32:38.858 2020] [19] prereaded 1 indexes in 0.000 sec
[Fri Feb 21 14:32:48.562 2020] [1] caught SIGTERM, shutting down
[Fri Feb 21 14:32:48.615 2020] [1] shutdown complete
[Fri Feb 21 14:32:55.935 2020] [1] listening on all interfaces, port=9306
[Fri Feb 21 14:32:55.935 2020] [1] listening on 172.19.0.5:9312
[Fri Feb 21 14:32:55.935 2020] [1] listening on all interfaces, port=9308
[Fri Feb 21 14:32:55.936 2020] [18] prereading 1 indexes
[Fri Feb 21 14:32:55.936 2020] [1] accepting connections
[Fri Feb 21 14:32:55.936 2020] [18] prereaded 1 indexes in 0.000 sec
[Fri Feb 21 15:17:58.378 2020] [1] caught SIGTERM, shutting down
[Fri Feb 21 15:17:58.433 2020] [1] shutdown complete
[Mon Feb 24 09:48:00.747 2020] [1] listening on all interfaces, port=9306
[Mon Feb 24 09:48:00.747 2020] [1] listening on 172.19.0.2:9312
[Mon Feb 24 09:48:00.747 2020] [1] listening on all interfaces, port=9308
[Mon Feb 24 09:48:00.751 2020] [20] prereading 1 indexes
[Mon Feb 24 09:48:00.751 2020] [20] prereaded 1 indexes in 0.000 sec
[Mon Feb 24 09:48:00.788 2020] [1] accepting connections
[Mon Feb 24 10:41:59.922 2020] [1] caught SIGTERM, shutting down
[Mon Feb 24 10:42:00.326 2020] [1] shutdown complete
[Mon Feb 24 10:42:06.505 2020] [1] listening on all interfaces, port=9306
[Mon Feb 24 10:42:06.505 2020] [1] listening on 172.19.0.3:9312
[Mon Feb 24 10:42:06.505 2020] [1] listening on all interfaces, port=9308
[Mon Feb 24 10:42:08.076 2020] [1] accepting connections
[Mon Feb 24 10:42:08.076 2020] [19] prereading 1 indexes
[Mon Feb 24 10:42:08.076 2020] [19] prereaded 1 indexes in 0.000 sec
[Mon Feb 24 10:50:04.015 2020] [1] caught SIGTERM, shutting down
[Mon Feb 24 10:50:04.342 2020] [1] shutdown complete
[Mon Feb 24 10:50:22.279 2020] [1] listening on all interfaces, port=9306
[Mon Feb 24 10:50:22.279 2020] [1] listening on 172.19.0.3:9312
[Mon Feb 24 10:50:22.279 2020] [1] listening on all interfaces, port=9308
[Mon Feb 24 10:50:23.608 2020] [19] prereading 1 indexes
[Mon Feb 24 10:50:23.608 2020] [19] prereaded 1 indexes in 0.000 sec
[Mon Feb 24 10:50:23.608 2020] [1] accepting connections
[Mon Feb 24 10:51:07.375 2020] [1] caught SIGTERM, shutting down
[Mon Feb 24 10:51:07.674 2020] [1] shutdown complete
[Mon Feb 24 10:51:14.824 2020] [1] listening on all interfaces, port=9306
[Mon Feb 24 10:51:14.824 2020] [1] listening on 172.19.0.5:9312
[Mon Feb 24 10:51:14.824 2020] [1] listening on all interfaces, port=9308
[Mon Feb 24 10:51:16.247 2020] [1] accepting connections
[Mon Feb 24 10:51:16.247 2020] [18] prereading 1 indexes
[Mon Feb 24 10:51:16.247 2020] [18] prereaded 1 indexes in 0.000 sec
[Mon Feb 24 10:52:38.296 2020] [1] caught SIGTERM, shutting down
[Mon Feb 24 10:52:38.570 2020] [1] shutdown complete
[Mon Feb 24 10:53:01.513 2020] [1] listening on all interfaces, port=9306
[Mon Feb 24 10:53:01.513 2020] [1] listening on 172.19.0.3:9312
[Mon Feb 24 10:53:01.513 2020] [1] listening on all interfaces, port=9308
[Mon Feb 24 10:53:02.896 2020] [19] prereading 1 indexes
[Mon Feb 24 10:53:02.896 2020] [19] prereaded 1 indexes in 0.000 sec
[Mon Feb 24 10:53:02.896 2020] [1] accepting connections
[Mon Feb 24 10:53:09.531 2020] [1] caught SIGTERM, shutting down
[Mon Feb 24 10:53:09.821 2020] [1] shutdown complete
[Mon Feb 24 10:53:14.842 2020] [1] listening on all interfaces, port=9306
[Mon Feb 24 10:53:14.842 2020] [1] listening on 172.19.0.6:9312
[Mon Feb 24 10:53:14.842 2020] [1] listening on all interfaces, port=9308
[Mon Feb 24 10:53:16.210 2020] [19] prereading 1 indexes
[Mon Feb 24 10:53:16.210 2020] [19] prereaded 1 indexes in 0.000 sec
[Mon Feb 24 10:53:16.210 2020] [1] accepting connections
[Mon Feb 24 10:54:58.607 2020] [1] caught SIGTERM, shutting down
[Mon Feb 24 10:54:58.882 2020] [1] shutdown complete
[Mon Feb 24 10:55:13.631 2020] [1] listening on all interfaces, port=9306
[Mon Feb 24 10:55:13.631 2020] [1] listening on 172.19.0.2:9312
[Mon Feb 24 10:55:13.631 2020] [1] listening on all interfaces, port=9308
[Mon Feb 24 10:55:14.964 2020] [1] accepting connections
[Mon Feb 24 10:55:14.964 2020] [18] prereading 1 indexes
[Mon Feb 24 10:55:14.964 2020] [18] prereaded 1 indexes in 0.000 sec
[Mon Feb 24 10:55:27.443 2020] [1] caught SIGTERM, shutting down
[Mon Feb 24 10:55:27.667 2020] [1] shutdown complete
[Mon Feb 24 10:55:31.597 2020] [1] listening on all interfaces, port=9306
[Mon Feb 24 10:55:31.597 2020] [1] listening on 172.19.0.2:9312
[Mon Feb 24 10:55:31.597 2020] [1] listening on all interfaces, port=9308
[Mon Feb 24 10:55:32.915 2020] [1] accepting connections
[Mon Feb 24 10:55:32.915 2020] [18] prereading 1 indexes
[Mon Feb 24 10:55:32.915 2020] [18] prereaded 1 indexes in 0.000 sec
[Mon Feb 24 11:23:45.419 2020] [1] caught SIGTERM, shutting down
[Mon Feb 24 11:23:48.622 2020] [1] shutdown complete
[Mon Feb 24 11:27:41.297 2020] [1] listening on all interfaces, port=9306
[Mon Feb 24 11:27:41.297 2020] [1] listening on 172.18.0.5:9312
[Mon Feb 24 11:27:41.297 2020] [1] listening on all interfaces, port=9308

--- crashed invalid query ---

--- request dump end ---
--- local index:
Manticore 3.3.0 01fc8ad1@200204 release
Handling signal 11
-------------- backtrace begins here ---------------
Program compiled with 6.3.0
Configured with flags: Configured by CMake with these definitions: -DCMAKE_BUILD_TYPE=RelWithDebInfo -DDISTR_BUILD=stretch -DUSE_SSL=ON -DDL_UNIXODBC=1 -DUNIXODBC_LIB=libodbc.so.2 -DDL_EXPAT=1 -DEXPAT_LIB=libexpat.so.1 -DUSE_LIBICONV=1 -DDL_MYSQL=1 -DMYSQL_LIB=libmariadbclient.so.18 -DDL_PGSQL=1 -DPGSQL_LIB=libpq.so.5 -DLOCALDATADIR=/var/data -DFULL_SHARE_DIR=/usr/share/manticore -DUSE_ICU=1 -DUSE_BISON=ON -DUSE_FLEX=ON -DUSE_SYSLOG=1 -DWITH_EXPAT=1 -DWITH_ICONV=ON -DWITH_MYSQL=1 -DWITH_ODBC=ON -DWITH_PGSQL=1 -DWITH_RE2=1 -DWITH_STEMMER=1 -DWITH_ZLIB=ON -DGALERA_SOVERSION=31 -DSYSCONFDIR=/etc/manticoresearch
Host OS is Linux runner-ed2dce3a-project-3858465-concurrent-0 4.19.78-coreos #1 SMP Mon Oct 14 22:56:39 -00 2019 x86_64 GNU/Linux
Stack bottom = 0x7ffcf138b9ef, thread stack size = 0x100000
Trying manual backtrace:
Frame pointer is null, manual backtrace failed (did you build with -fomit-frame-pointer?)
Trying system backtrace:
begin of system symbols:
searchd(_Z12sphBacktraceib+0x9b)[0x558a4257746b]
searchd(_ZN16SphCrashLogger_c11HandleCrashEi+0x223)[0x558a423edfa3]
/lib/x86_64-linux-gnu/libpthread.so.0(+0x110e0)[0x7f53697df0e0]
/lib/x86_64-linux-gnu/libc.so.6(+0x12930a)[0x7f5367f9330a]
searchd(_ZN10CSphReader8GetBytesEPvi+0xf2)[0x558a424d4b02]
searchd(_ZN10CSphReader9GetStringEv+0x67)[0x558a424d5037]
searchd(_Z15LoadStoredQueryI10CSphReaderEvjR17StoredQueryDesc_tRT_+0x7d)[0x558a426d6a0d]
searchd(_ZN16PercolateIndex_c8PreallocEb+0x70f)[0x558a4273dbcf]
searchd(_Z16PreallocNewIndexR12ServedDesc_tPK17CSphConfigSectionPKc+0x27)[0x558a423f6e17]
searchd(_Z24ConfigureAndPreloadIndexRK17CSphConfigSectionPKcb+0x13b)[0x558a4243fb9b]
searchd(_Z11ServiceMainiPPc+0x104d)[0x558a42442d1d]
searchd(main+0x61)[0x558a423eb0b1]
/lib/x86_64-linux-gnu/libc.so.6(__libc_start_main+0xf1)[0x7f5367e8a2e1]
searchd(_start+0x2a)[0x558a423ec68a]
-------------- backtrace ends here ---------------
Please, create a bug report in our bug tracker (https://github.com/manticoresoftware/manticore/issues)
and attach there:
a) searchd log, b) searchd binary, c) searchd symbols.
Look into the chapter 'Reporting bugs' in the documentation
(http://docs.manticoresearch.com/latest/html/reporting_bugs.html)
Dump with GDB is not available
--- BT to source lines (depth 14): ---
conversion failed (error 'No such file or directory'):
  1. Run the command provided below over the crashed binary (for example, 'searchd'):
  2. Attach the source.txt to the bug report.
addr2line -e searchd 0x4257746b 0x423edfa3 0x697df0e0 0x67f9330a 0x424d4b02 0x424d5037 0x426d6a0d 
0x4273dbcf 0x423f6e17 0x4243fb9b 0x42442d1d 0x423eb0b1 0x67e8a2e1 0x423ec68a > source.txt
[Mon Feb 24 11:31:41.897 2020] [1] listening on all interfaces, port=9306
[Mon Feb 24 11:31:41.897 2020] [1] listening on 172.18.0.3:9312
[Mon Feb 24 11:31:41.897 2020] [1] listening on all interfaces, port=9308

--- crashed invalid query ---

--- request dump end ---
--- local index:
Manticore 3.3.0 01fc8ad1@200204 release
Handling signal 11
-------------- backtrace begins here ---------------
Program compiled with 6.3.0
Configured with flags: Configured by CMake with these definitions: -DCMAKE_BUILD_TYPE=RelWithDebInfo -DDISTR_BUILD=stretch -DUSE_SSL=ON -DDL_UNIXODBC=1 -DUNIXODBC_LIB=libodbc.so.2 -DDL_EXPAT=1 -DEXPAT_LIB=libexpat.so.1 -DUSE_LIBICONV=1 -DDL_MYSQL=1 -DMYSQL_LIB=libmariadbclient.so.18 -DDL_PGSQL=1 -DPGSQL_LIB=libpq.so.5 -DLOCALDATADIR=/var/data -DFULL_SHARE_DIR=/usr/share/manticore -DUSE_ICU=1 -DUSE_BISON=ON -DUSE_FLEX=ON -DUSE_SYSLOG=1 -DWITH_EXPAT=1 -DWITH_ICONV=ON -DWITH_MYSQL=1 -DWITH_ODBC=ON -DWITH_PGSQL=1 -DWITH_RE2=1 -DWITH_STEMMER=1 -DWITH_ZLIB=ON -DGALERA_SOVERSION=31 -DSYSCONFDIR=/etc/manticoresearch
Host OS is Linux runner-ed2dce3a-project-3858465-concurrent-0 4.19.78-coreos #1 SMP Mon Oct 14 22:56:39 -00 2019 x86_64 GNU/Linux
Stack bottom = 0x7ffceab1482f, thread stack size = 0x100000
Trying manual backtrace:
Frame pointer is null, manual backtrace failed (did you build with -fomit-frame-pointer?)
Trying system backtrace:
begin of system symbols:
searchd(_Z12sphBacktraceib+0x9b)[0x564c4f26246b]
searchd(_ZN16SphCrashLogger_c11HandleCrashEi+0x223)[0x564c4f0d8fa3]
/lib/x86_64-linux-gnu/libpthread.so.0(+0x110e0)[0x7f85150c30e0]
/lib/x86_64-linux-gnu/libc.so.6(+0x12930a)[0x7f851387730a]
searchd(_ZN10CSphReader8GetBytesEPvi+0xf2)[0x564c4f1bfb02]
searchd(_ZN10CSphReader9GetStringEv+0x67)[0x564c4f1c0037]
searchd(_Z15LoadStoredQueryI10CSphReaderEvjR17StoredQueryDesc_tRT_+0x7d)[0x564c4f3c1a0d]
searchd(_ZN16PercolateIndex_c8PreallocEb+0x70f)[0x564c4f428bcf]
searchd(_Z16PreallocNewIndexR12ServedDesc_tPK17CSphConfigSectionPKc+0x27)[0x564c4f0e1e17]
searchd(_Z24ConfigureAndPreloadIndexRK17CSphConfigSectionPKcb+0x13b)[0x564c4f12ab9b]
searchd(_Z11ServiceMainiPPc+0x104d)[0x564c4f12dd1d]
searchd(main+0x61)[0x564c4f0d60b1]
/lib/x86_64-linux-gnu/libc.so.6(__libc_start_main+0xf1)[0x7f851376e2e1]
searchd(_start+0x2a)[0x564c4f0d768a]
-------------- backtrace ends here ---------------
Please, create a bug report in our bug tracker (https://github.com/manticoresoftware/manticore/issues)
and attach there:
a) searchd log, b) searchd binary, c) searchd symbols.
Look into the chapter 'Reporting bugs' in the documentation
(http://docs.manticoresearch.com/latest/html/reporting_bugs.html)
Dump with GDB is not available
--- BT to source lines (depth 14): ---
conversion failed (error 'No such file or directory'):
  1. Run the command provided below over the crashed binary (for example, 'searchd'):
  2. Attach the source.txt to the bug report.
addr2line -e searchd 0x4f26246b 0x4f0d8fa3 0x150c30e0 0x1387730a 0x4f1bfb02 0x4f1c0037 0x4f3c1a0d 
0x4f428bcf 0x4f0e1e17 0x4f12ab9b 0x4f12dd1d 0x4f0d60b1 0x1376e2e1 0x4f0d768a > source.txt
[Mon Feb 24 11:32:43.486 2020] [1] listening on all interfaces, port=9306
[Mon Feb 24 11:32:43.486 2020] [1] listening on 172.18.0.3:9312
[Mon Feb 24 11:32:43.486 2020] [1] listening on all interfaces, port=9308

--- crashed invalid query ---

--- request dump end ---
--- local index:
Manticore 3.3.0 01fc8ad1@200204 release
Handling signal 11
-------------- backtrace begins here ---------------
Program compiled with 6.3.0
Configured with flags: Configured by CMake with these definitions: -DCMAKE_BUILD_TYPE=RelWithDebInfo -DDISTR_BUILD=stretch -DUSE_SSL=ON -DDL_UNIXODBC=1 -DUNIXODBC_LIB=libodbc.so.2 -DDL_EXPAT=1 -DEXPAT_LIB=libexpat.so.1 -DUSE_LIBICONV=1 -DDL_MYSQL=1 -DMYSQL_LIB=libmariadbclient.so.18 -DDL_PGSQL=1 -DPGSQL_LIB=libpq.so.5 -DLOCALDATADIR=/var/data -DFULL_SHARE_DIR=/usr/share/manticore -DUSE_ICU=1 -DUSE_BISON=ON -DUSE_FLEX=ON -DUSE_SYSLOG=1 -DWITH_EXPAT=1 -DWITH_ICONV=ON -DWITH_MYSQL=1 -DWITH_ODBC=ON -DWITH_PGSQL=1 -DWITH_RE2=1 -DWITH_STEMMER=1 -DWITH_ZLIB=ON -DGALERA_SOVERSION=31 -DSYSCONFDIR=/etc/manticoresearch
Host OS is Linux runner-ed2dce3a-project-3858465-concurrent-0 4.19.78-coreos #1 SMP Mon Oct 14 22:56:39 -00 2019 x86_64 GNU/Linux
Stack bottom = 0x7ffd684fd14f, thread stack size = 0x100000
Trying manual backtrace:
Frame pointer is null, manual backtrace failed (did you build with -fomit-frame-pointer?)
Trying system backtrace:
begin of system symbols:
searchd(_Z12sphBacktraceib+0x9b)[0x5651a34c946b]
searchd(_ZN16SphCrashLogger_c11HandleCrashEi+0x223)[0x5651a333ffa3]
/lib/x86_64-linux-gnu/libpthread.so.0(+0x110e0)[0x7f225aa010e0]
/lib/x86_64-linux-gnu/libc.so.6(+0x12930a)[0x7f22591b530a]
searchd(_ZN10CSphReader8GetBytesEPvi+0xf2)[0x5651a3426b02]
searchd(_ZN10CSphReader9GetStringEv+0x67)[0x5651a3427037]
searchd(_Z15LoadStoredQueryI10CSphReaderEvjR17StoredQueryDesc_tRT_+0x7d)[0x5651a3628a0d]
searchd(_ZN16PercolateIndex_c8PreallocEb+0x70f)[0x5651a368fbcf]
searchd(_Z16PreallocNewIndexR12ServedDesc_tPK17CSphConfigSectionPKc+0x27)[0x5651a3348e17]
searchd(_Z24ConfigureAndPreloadIndexRK17CSphConfigSectionPKcb+0x13b)[0x5651a3391b9b]
searchd(_Z11ServiceMainiPPc+0x104d)[0x5651a3394d1d]
searchd(main+0x61)[0x5651a333d0b1]
/lib/x86_64-linux-gnu/libc.so.6(__libc_start_main+0xf1)[0x7f22590ac2e1]
searchd(_start+0x2a)[0x5651a333e68a]
-------------- backtrace ends here ---------------
Please, create a bug report in our bug tracker (https://github.com/manticoresoftware/manticore/issues)
and attach there:
a) searchd log, b) searchd binary, c) searchd symbols.
Look into the chapter 'Reporting bugs' in the documentation
(http://docs.manticoresearch.com/latest/html/reporting_bugs.html)
Dump with GDB is not available
--- BT to source lines (depth 14): ---
conversion failed (error 'No such file or directory'):
  1. Run the command provided below over the crashed binary (for example, 'searchd'):
  2. Attach the source.txt to the bug report.
addr2line -e searchd 0xa34c946b 0xa333ffa3 0x5aa010e0 0x591b530a 0xa3426b02 0xa3427037 0xa3628a0d 
0xa368fbcf 0xa3348e17 0xa3391b9b 0xa3394d1d 0xa333d0b1 0x590ac2e1 0xa333e68a > source.txt
